make BB
make brkga
./brkgaAPI/src/samplecode instances/instance-normal-10_10_9069566213990078274.txt > out/brkga/instance-normal-10_10_9069566213990078274.out
./branch_and_bound/main instances/instance-normal-10_10_9069566213990078274.txt > out/bb/instance-normal-10_10_9069566213990078274.out

./brkgaAPI/src/samplecode instances/instance-normal-10_30_5101836430196424830.txt > out/brkga/instance-normal-10_30_5101836430196424830.out
./branch_and_bound/main instances/instance-normal-10_30_5101836430196424830.txt > out/bb/instance-normal-10_30_5101836430196424830.out

./brkgaAPI/src/samplecode instances/instance-normal-10_50_1299250510484383223.txt > out/brkga/instance-normal-10_50_1299250510484383223.out
./branch_and_bound/main instances/instance-normal-10_50_1299250510484383223.txt > out/bb/instance-normal-10_50_1299250510484383223.out

./brkgaAPI/src/samplecode instances/instance-normal-20_10_4353139248543192163.txt > out/brkga/instance-normal-20_10_4353139248543192163.out
./branch_and_bound/main instances/instance-normal-20_10_4353139248543192163.txt > out/bb/instance-normal-20_10_4353139248543192163.out

./brkgaAPI/src/samplecode instances/instance-normal-20_30_8142950210851029772.txt > out/brkga/instance-normal-20_30_8142950210851029772.out
./branch_and_bound/main instances/instance-normal-20_30_8142950210851029772.txt > out/bb/instance-normal-20_30_8142950210851029772.out

./brkgaAPI/src/samplecode instances/instance-normal-20_50_4342701307052564344.txt > out/brkga/instance-normal-20_50_4342701307052564344.out
./branch_and_bound/main instances/instance-normal-20_50_4342701307052564344.txt > out/bb/instance-normal-20_50_4342701307052564344.out

./brkgaAPI/src/samplecode instances/instance-normal-30_10_1312402075301207550.txt > out/brkga/instance-normal-30_10_1312402075301207550.out
./branch_and_bound/main instances/instance-normal-30_10_1312402075301207550.txt > out/bb/instance-normal-30_10_1312402075301207550.out

./brkgaAPI/src/samplecode instances/instance-normal-30_30_2156813194944348711.txt > out/brkga/instance-normal-30_30_2156813194944348711.out
./branch_and_bound/main instances/instance-normal-30_30_2156813194944348711.txt > out/bb/instance-normal-30_30_2156813194944348711.out

./brkgaAPI/src/samplecode instances/instance-normal-30_50_8505631669847462694.txt > out/brkga/instance-normal-30_50_8505631669847462694.out
./branch_and_bound/main instances/instance-normal-30_50_8505631669847462694.txt > out/bb/instance-normal-30_50_8505631669847462694.out

./brkgaAPI/src/samplecode instances/instance-normal-5_10_11189796138897731.txt > out/brkga/instance-normal-5_10_11189796138897731.out
./branch_and_bound/main instances/instance-normal-5_10_11189796138897731.txt > out/bb/instance-normal-5_10_11189796138897731.out

./brkgaAPI/src/samplecode instances/instance-normal-5_30_203679956587613087.txt > out/brkga/instance-normal-5_30_203679956587613087.out
./branch_and_bound/main instances/instance-normal-5_30_203679956587613087.txt > out/bb/instance-normal-5_30_203679956587613087.out

./brkgaAPI/src/samplecode instances/instance-normal-5_50_2272890002882406950.txt > out/brkga/instance-normal-5_50_2272890002882406950.out
./branch_and_bound/main instances/instance-normal-5_50_2272890002882406950.txt > out/bb/instance-normal-5_50_2272890002882406950.out

./brkgaAPI/src/samplecode instances/instance-similar-10_10_4101995495510533711.txt > out/brkga/instance-similar-10_10_4101995495510533711.out
./branch_and_bound/main instances/instance-similar-10_10_4101995495510533711.txt > out/bb/instance-similar-10_10_4101995495510533711.out

./brkgaAPI/src/samplecode instances/instance-similar-10_10_4484439307827160459.txt > out/brkga/instance-similar-10_10_4484439307827160459.out
./branch_and_bound/main instances/instance-similar-10_10_4484439307827160459.txt > out/bb/instance-similar-10_10_4484439307827160459.out

./brkgaAPI/src/samplecode instances/instance-similar-10_30_8289865501567529889.txt > out/brkga/instance-similar-10_30_8289865501567529889.out
./branch_and_bound/main instances/instance-similar-10_30_8289865501567529889.txt > out/bb/instance-similar-10_30_8289865501567529889.out

./brkgaAPI/src/samplecode instances/instance-similar-10_50_2990018272429598429.txt > out/brkga/instance-similar-10_50_2990018272429598429.out
./branch_and_bound/main instances/instance-similar-10_50_2990018272429598429.txt > out/bb/instance-similar-10_50_2990018272429598429.out

./brkgaAPI/src/samplecode instances/instance-similar-20_10_1160072664559416098.txt > out/brkga/instance-similar-20_10_1160072664559416098.out
./branch_and_bound/main instances/instance-similar-20_10_1160072664559416098.txt > out/bb/instance-similar-20_10_1160072664559416098.out

./brkgaAPI/src/samplecode instances/instance-similar-20_30_5754620931927865713.txt > out/brkga/instance-similar-20_30_5754620931927865713.out
./branch_and_bound/main instances/instance-similar-20_30_5754620931927865713.txt > out/bb/instance-similar-20_30_5754620931927865713.out

./brkgaAPI/src/samplecode instances/instance-similar-20_50_5986155739858567165.txt > out/brkga/instance-similar-20_50_5986155739858567165.out
./branch_and_bound/main instances/instance-similar-20_50_5986155739858567165.txt > out/bb/instance-similar-20_50_5986155739858567165.out

./brkgaAPI/src/samplecode instances/instance-similar-30_10_198943839508865483.txt > out/brkga/instance-similar-30_10_198943839508865483.out
./branch_and_bound/main instances/instance-similar-30_10_198943839508865483.txt > out/bb/instance-similar-30_10_198943839508865483.out

./brkgaAPI/src/samplecode instances/instance-similar-30_30_3109307287878925889.txt > out/brkga/instance-similar-30_30_3109307287878925889.out
./branch_and_bound/main instances/instance-similar-30_30_3109307287878925889.txt > out/bb/instance-similar-30_30_3109307287878925889.out

./brkgaAPI/src/samplecode instances/instance-similar-30_50_7740251636409470100.txt > out/brkga/instance-similar-30_50_7740251636409470100.out
./branch_and_bound/main instances/instance-similar-30_50_7740251636409470100.txt > out/bb/instance-similar-30_50_7740251636409470100.out

./brkgaAPI/src/samplecode instances/instance-similar-5_10_7700278471317325539.txt > out/brkga/instance-similar-5_10_7700278471317325539.out
./branch_and_bound/main instances/instance-similar-5_10_7700278471317325539.txt > out/bb/instance-similar-5_10_7700278471317325539.out

./brkgaAPI/src/samplecode instances/instance-similar-5_30_541915693750959009.txt > out/brkga/instance-similar-5_30_541915693750959009.out
./branch_and_bound/main instances/instance-similar-5_30_541915693750959009.txt > out/bb/instance-similar-5_30_541915693750959009.out

./brkgaAPI/src/samplecode instances/instance-similar-5_50_3911772527774523819.txt > out/brkga/instance-similar-5_50_3911772527774523819.out
./branch_and_bound/main instances/instance-similar-5_50_3911772527774523819.txt > out/bb/instance-similar-5_50_3911772527774523819.out

./brkgaAPI/src/samplecode instances/instance-uniform-10_10_7154584347338134297.txt > out/brkga/instance-uniform-10_10_7154584347338134297.out
./branch_and_bound/main instances/instance-uniform-10_10_7154584347338134297.txt > out/bb/instance-uniform-10_10_7154584347338134297.out

./brkgaAPI/src/samplecode instances/instance-uniform-10_30_1746359552420434941.txt > out/brkga/instance-uniform-10_30_1746359552420434941.out
./branch_and_bound/main instances/instance-uniform-10_30_1746359552420434941.txt > out/bb/instance-uniform-10_30_1746359552420434941.out

./brkgaAPI/src/samplecode instances/instance-uniform-10_50_5193192146419259819.txt > out/brkga/instance-uniform-10_50_5193192146419259819.out
./branch_and_bound/main instances/instance-uniform-10_50_5193192146419259819.txt > out/bb/instance-uniform-10_50_5193192146419259819.out

./brkgaAPI/src/samplecode instances/instance-uniform-20_10_8536110520078009685.txt > out/brkga/instance-uniform-20_10_8536110520078009685.out
./branch_and_bound/main instances/instance-uniform-20_10_8536110520078009685.txt > out/bb/instance-uniform-20_10_8536110520078009685.out

./brkgaAPI/src/samplecode instances/instance-uniform-20_30_6804260996746362198.txt > out/brkga/instance-uniform-20_30_6804260996746362198.out
./branch_and_bound/main instances/instance-uniform-20_30_6804260996746362198.txt > out/bb/instance-uniform-20_30_6804260996746362198.out

./brkgaAPI/src/samplecode instances/instance-uniform-20_50_3785576307725700678.txt > out/brkga/instance-uniform-20_50_3785576307725700678.out
./branch_and_bound/main instances/instance-uniform-20_50_3785576307725700678.txt > out/bb/instance-uniform-20_50_3785576307725700678.out

./brkgaAPI/src/samplecode instances/instance-uniform-30_10_5372368400714571683.txt > out/brkga/instance-uniform-30_10_5372368400714571683.out
./branch_and_bound/main instances/instance-uniform-30_10_5372368400714571683.txt > out/bb/instance-uniform-30_10_5372368400714571683.out

./brkgaAPI/src/samplecode instances/instance-uniform-30_30_1807058463452882016.txt > out/brkga/instance-uniform-30_30_1807058463452882016.out
./branch_and_bound/main instances/instance-uniform-30_30_1807058463452882016.txt > out/bb/instance-uniform-30_30_1807058463452882016.out

./brkgaAPI/src/samplecode instances/instance-uniform-30_50_7605177278520993555.txt > out/brkga/instance-uniform-30_50_7605177278520993555.out
./branch_and_bound/main instances/instance-uniform-30_50_7605177278520993555.txt > out/bb/instance-uniform-30_50_7605177278520993555.out

./brkgaAPI/src/samplecode instances/instance-uniform-5_10_8380045905751772194.txt > out/brkga/instance-uniform-5_10_8380045905751772194.out
./branch_and_bound/main instances/instance-uniform-5_10_8380045905751772194.txt > out/bb/instance-uniform-5_10_8380045905751772194.out

./brkgaAPI/src/samplecode instances/instance-uniform-5_30_4882940996471638670.txt > out/brkga/instance-uniform-5_30_4882940996471638670.out
./branch_and_bound/main instances/instance-uniform-5_30_4882940996471638670.txt > out/bb/instance-uniform-5_30_4882940996471638670.out

./brkgaAPI/src/samplecode instances/instance-uniform-5_50_7437980588482031995.txt > out/brkga/instance-uniform-5_50_7437980588482031995.out
./branch_and_bound/main instances/instance-uniform-5_50_7437980588482031995.txt > out/bb/instance-uniform-5_50_7437980588482031995.out

