4540
4540
4540
4547
4553
4554
4554
4556
4566
4570
4573
4573
4573
4582
4582
4582
4582
4582
4582
4582
4582
4582
4582
4582
4582
4582
4586
4586
4586
4586
4586
4586
4586
4586
4586
4586
4586
4586
4586
4586
4586
4586
4586
4586
4586
4586
4586
4586
4586
4586
4586
4586
4586
4586
4586
4586
4586
4586
4586
4586
4586
4586
4586
4586
4586
4586
4586
4586
4586
4586
4586
4586
4586
4586
4586
4586
4586
4586
4586
4586
4586
4586
4586
4586
4586
4586
4586
4586
4586
4586
4586
4586
4586
4586
4586
4586
4586
4586
4586
4586
4586
4586
4586
4586
4586
4586
4586
4586
4586
4586
4586
4586
4586
4586
4586
4586
4586
4586
4586
4586
4586
4586
4586
4586
4586
4586
4586
4586
4586
4586
4586
4586
4586
4586
4586
4586
4586
4586
4586
4586
4586
4586
4586
4586
4586
4586
4586
4586
4586
4586
4586
4586
4586
4586
4586
4586
4586
4586
4586
4586
4586
4586
4586
4586
4586
4586
4586
4586
4586
4586
4586
4586
4586
4586
4586
4586
4586
4586
4586
4586
4586
4586
4586
4586
4586
4586
4586
4586
4586
4586
4586
4586
4586
4586
4586
4586
4586
4586
4586
4586
4586
4586
4586
4586
4586
4586
4586
4586
4586
4586
4586
4586
4586
4586
4586
4586
4586
4586
4586
4586
4586
4586
4586
4586
4586
4586
4586
4586
4586
4586
4586
4586
4586
4586
4586
4586
4586
4586
4586
4586
4586
4586
4586
4586
4586
4586
4586
4586
4586
4586
4586
4586
4586
4586
4586
4586
4586
4586
4586
4586
4586
4586
4586
4586
4586
4586
4586
4586
4586
4586
4586
4586
4586
4586
4586
4586
4586
4586
4586
4586
4586
4586
4586
4586
4586
4586
4586
4586
4586
4586
4586
4586
4586
4586
4586
4586
4586
4586
4586
4586
4586
4586
4586
4586
4586
4586
4586
4586
4586
4586
4586
4586
4586
4586
4586
4586
4586
4586
4586
4586
4586
4586
4586
4586
4586
4586
4586
4586
4586
4586
4586
4586
4586
4586
4586
4586
4586
4586
4586
4586
4586
4586
4586
4586
4586
4586
4586
4586
4586
4586
4586
4586
4586
4586
4586
4586
4586
4586
4586
4586
4586
4586
4586
4586
4586
4586
4586
4586
4586
4586
4586
4586
4586
4586
4586
4586
4586
4586
4586
4586
4586
4586
4586
4586
4586
4586
4586
4586
4586
4586
4586
4586
4586
4586
4586
4586
4586
4586
4586
4586
4586
4586
Record: 4586
Time 0.715211
