14732
14881
14654
14713
14847
14693
14768
14799
14858
14727
14734
14985
14880
14640
14673
14667
14528
14679
15048
14766
14799
14695
14768
14733
14740
14750
14622
14867
14687
14719
14902
14803
14937
14737
14862
14723
14685
14812
14660
14574
14581
14698
14791
14722
14771
14706
14687
14625
14828
14734
14671
14909
14673
14720
14820
14710
14932
14568
14762
14645
14643
14603
14735
14742
14675
14792
14589
14745
14746
14769
14618
14663
14825
14830
14791
14623
14724
14796
14769
14728
14854
14756
14619
14688
14698
14693
14832
14687
14749
14714
14800
14587
14742
14770
14664
14795
14736
14688
14672
14899
Record: 14739.5
Time 14.948057
