23501
23501
23501
24069
24069
24224
24586
24586
24876
24876
25010
25010
25221
25468
25550
25550
25795
25795
25795
25915
25915
25964
26021
26099
26147
26147
26147
26147
26148
26148
26148
26148
26148
26148
26148
26221
26221
26221
26221
26221
26221
26242
26242
26242
26242
26242
26242
26242
26242
26242
26242
26242
26242
26242
26242
26242
26242
26242
26242
26242
26242
26242
26242
26242
26242
26242
26242
26242
26242
26242
26242
26242
26242
26242
26242
26242
26242
26242
26242
26242
26242
26242
26242
26242
26242
26242
26242
26242
26242
26242
26242
26242
26242
26242
26242
26242
26242
26242
26242
26242
26242
26242
26242
26242
26242
26242
26242
26242
26242
26242
26242
26242
26242
26242
26242
26242
26242
26242
26242
26242
26242
26242
26242
26242
26242
26242
26242
26242
26242
26242
26242
26242
26242
26242
26242
26242
26242
26242
26242
26242
26242
26242
26242
26242
26242
26242
26242
26242
26242
26242
26242
26242
26242
26242
26242
26242
26242
26242
26242
26242
26242
26242
26242
26242
26242
26242
26242
26242
26242
26242
26242
26242
26242
26242
26242
26242
26242
26242
26242
26242
26242
26242
26242
26242
26242
26242
26242
26242
26242
26242
26242
26242
26242
26242
26242
26242
26242
26242
26242
26242
26242
26242
26242
26242
26242
26242
26242
26242
26242
26242
26242
26242
26242
26242
26242
26242
26242
26242
26242
26242
26242
26242
26242
26242
26242
26242
26242
26242
26242
26242
26242
26242
26242
26242
26242
26242
26242
26242
26242
26242
26242
26242
26242
26242
26242
26242
26242
26242
26242
26242
26242
26242
26242
26242
26242
26242
26242
26242
26242
26242
26242
26242
26242
26242
26242
26242
26242
26242
26242
26242
26242
26242
26242
26242
26242
26242
26242
26242
26242
26242
26242
26242
26242
26242
26242
26242
26242
26242
26242
26242
26242
26242
26242
26242
26242
26242
26242
26242
26242
26242
26242
26242
26242
26242
26242
26242
26242
26242
26242
26242
26242
26242
26242
26242
26242
26242
26242
26242
26242
26242
26242
26242
26242
26242
26242
26242
26242
26242
26242
26242
26242
26242
26242
26242
26242
26242
26242
26242
26242
26242
26242
26242
26242
26242
26242
26242
26242
26242
26242
26242
26242
26242
26242
26242
26242
26242
26242
26242
26242
26242
26242
26242
26242
26242
26242
26242
26242
26242
26242
26242
26242
26242
26242
26242
26242
26242
26242
26242
26242
26242
26242
26242
26242
26242
26242
26242
26242
26242
26242
26242
26242
26242
26242
26242
26242
26242
26242
26242
26242
26242
26242
26242
Record: 26242
Time 0.671530
