10706
10706
10706
11082
11082
11100
11244
11339
11385
11557
11557
11557
11557
11557
11609
11783
11783
11783
11783
11817
11991
11991
12007
12143
12143
12143
12143
12143
12198
12201
12201
12316
12316
12317
12317
12317
12356
12359
12359
12359
12359
12359
12442
12442
12442
12442
12442
12442
12442
12442
12442
12442
12442
12442
12442
12442
12442
12442
12442
12442
12442
12442
12442
12442
12442
12442
12442
12442
12442
12442
12442
12442
12442
12442
12442
12442
12442
12442
12442
12442
12442
12442
12442
12442
12442
12442
12442
12442
12442
12442
12442
12442
12442
12442
12442
12442
12442
12442
12442
12442
12442
12442
12442
12442
12442
12442
12442
12442
12442
12442
12442
12442
12442
12442
12442
12442
12442
12442
12442
12442
12442
12442
12442
12442
12442
12442
12442
12442
12442
12442
12442
12442
12442
12442
12442
12442
12442
12442
12442
12442
12442
12442
12442
12442
12442
12442
12442
12442
12442
12442
12442
12442
12442
12442
12442
12442
12442
12442
12442
12442
12442
12442
12442
12442
12442
12442
12442
12442
12442
12442
12442
12442
12442
12442
12442
12442
12442
12442
12442
12442
12442
12442
12442
12442
12442
12442
12442
12442
12442
12442
12442
12442
12442
12442
12442
12442
12442
12442
12442
12442
12442
12442
12442
12442
12442
12442
12442
12442
12442
12442
12442
12442
12442
12442
12442
12442
12442
12442
12442
12442
12442
12442
12442
12442
12442
12442
12442
12442
12442
12442
12442
12442
12442
12442
12442
12442
12442
12442
12442
12442
12442
12442
12442
12442
12442
12442
12442
12442
12442
12442
12442
12442
12442
12442
12442
12442
12442
12442
12442
12442
12442
12442
12442
12442
12442
12442
12442
12442
12442
12442
12442
12442
12442
12442
12442
12442
12442
12442
12442
12442
12442
12442
12442
12442
12442
12442
12442
12442
12442
12442
12442
12442
12442
12442
12442
12442
12442
12442
12442
12442
12442
12442
12442
12442
12442
12442
12442
12442
12442
12442
12442
12442
12442
12442
12442
12442
12442
12442
12442
12442
12442
12442
12442
12442
12442
12442
12442
12442
12442
12442
12442
12442
12442
12442
12442
12442
12442
12442
12442
12442
12442
12442
12442
12442
12442
12442
12442
12442
12442
12442
12442
12442
12442
12442
12442
12442
12442
12442
12442
12442
12442
12442
12442
12442
12442
12442
12442
12442
12442
12442
12442
12442
12442
12442
12442
12442
12442
12442
12442
12442
12442
12442
12442
12442
12442
12442
12442
12442
12442
12442
12442
12442
12442
12442
12442
12442
12442
12442
12442
12442
12442
12442
Record: 12442
Time 0.960099
