5558
5558
5558
5643
5680
5765
5765
5769
5805
5805
5914
6052
6088
6092
6126
6126
6183
6188
6220
6257
6282
6292
6335
6376
6467
6467
6605
6605
6605
6605
6605
6605
6605
6640
6663
6663
6663
6663
6663
6665
6665
6665
6674
6674
6674
6675
6675
6675
6675
6678
6679
6679
6695
6695
6695
6703
6703
6703
6703
6703
6703
6703
6703
6703
6703
6703
6726
6726
6726
6726
6726
6726
6726
6726
6726
6731
6731
6731
6731
6731
6731
6731
6731
6731
6731
6731
6731
6731
6731
6731
6731
6731
6731
6731
6731
6751
6751
6751
6751
6751
6751
6751
6751
6751
6751
6751
6751
6751
6751
6751
6751
6751
6751
6751
6751
6751
6751
6751
6751
6751
6751
6751
6751
6751
6751
6751
6751
6751
6751
6751
6751
6751
6751
6751
6751
6751
6751
6751
6751
6751
6751
6751
6751
6751
6777
6777
6782
6782
6782
6782
6782
6782
6795
6795
6795
6795
6795
6795
6795
6795
6795
6795
6795
6795
6795
6795
6795
6801
6801
6801
6801
6801
6801
6801
6801
6801
6801
6811
6811
6811
6811
6811
6815
6815
6815
6815
6815
6828
6828
6828
6836
6836
6836
6836
6836
6836
6836
6836
6836
6836
6836
6836
6836
6836
6836
6836
6836
6836
6836
6836
6836
6836
6836
6836
6836
6836
6836
6836
6836
6836
6836
6836
6836
6836
6836
6836
6836
6843
6843
6843
6843
6846
6846
6846
6846
6846
6846
6846
6846
6846
6846
6846
6846
6846
6846
6846
6846
6846
6846
6872
6872
6872
6872
6872
6872
6881
6881
6881
6881
6881
6881
6881
6881
6881
6881
6881
6881
6881
6881
6881
6898
6898
6898
6898
6898
6898
6898
6898
6898
6898
6898
6898
6898
6898
6898
6898
6898
6898
6898
6898
6898
6898
6898
6898
6898
6898
6898
6898
6898
6898
6898
6898
6898
6898
6898
6898
6898
6898
6898
6898
6898
6898
6898
6898
6898
6898
6898
6898
6898
6900
6900
6915
6915
6915
6915
6915
6915
6915
6915
6915
6915
6915
6915
6915
6929
6929
6929
6929
6929
6929
6929
6929
6929
6929
6929
6929
6929
6929
6929
6929
6929
6929
6929
6929
6931
6931
6931
6931
6931
6931
6931
6931
6931
6931
6931
6931
6931
6931
6931
6931
6931
6931
6931
6931
6931
6931
6931
6931
6931
6931
6931
6931
6931
6931
6931
6931
6931
6931
6931
6931
6931
6931
6931
6931
6931
6931
6931
6931
6931
6931
6931
6931
Record: 6922.29
Time 2.999503
