24460
24460
24460
24460
24543
24728
24831
25136
25136
25421
25569
25569
26347
26347
26347
26347
26347
26347
26387
26498
26632
26853
26974
26974
27057
27057
27203
27330
27838
27838
27838
27838
27838
27917
27917
27917
27985
27985
27985
27985
27985
27985
27985
28148
28148
28148
28148
28148
28184
28184
28199
28199
28265
28265
28265
28265
28265
28343
28343
28343
28343
28343
28343
28344
28344
28344
28347
28347
28347
28347
28347
28347
28347
28347
28347
28347
28347
28347
28347
28347
28347
28347
28347
28360
28360
28360
28360
28360
28406
28406
28406
28406
28406
28406
28406
28406
28415
28415
28415
28415
28415
28415
28415
28415
28415
28415
28415
28415
28415
28415
28415
28415
28466
28466
28466
28466
28466
28466
28466
28466
28466
28466
28466
28466
28467
28467
28467
28467
28467
28467
28467
28467
28467
28467
28467
28467
28467
28467
28467
28467
28467
28467
28498
28498
28498
28498
28498
28498
28499
28499
28499
28499
28499
28499
28499
28506
28506
28506
28579
28579
28579
28579
28579
28579
28579
28611
28611
28634
28634
28634
28634
28634
28634
28634
28634
28634
28634
28634
28634
28634
28634
28634
28634
28634
28636
28636
28636
28636
28636
28636
28636
28650
28650
28650
28650
28650
28650
28650
28650
28650
28650
28650
28650
28650
28650
28650
28650
28650
28650
28650
28650
28650
28762
28762
28762
28762
28762
28762
28762
28762
28762
28762
28762
28762
28762
28762
28762
28762
28762
28762
28762
28762
28762
28762
28762
28762
28762
28762
28861
28861
28861
28861
28861
28861
28861
28861
28861
28861
28861
28861
28861
28861
28861
28861
28861
28861
28861
28861
28861
28861
28861
28861
28861
28861
28861
28861
28861
28861
28861
28861
28861
28861
28861
28861
28861
28861
28861
28861
28861
28861
28861
28861
28861
28861
28861
28861
28861
28861
28861
28861
28861
28861
28861
28861
28861
28861
28861
28861
28861
28861
28861
28861
28861
28861
28861
28861
28861
28861
28861
28861
28861
28861
28861
28861
28861
28861
28861
28861
28861
28861
28861
28861
28861
28861
28861
28861
28861
28861
28861
28861
28861
28861
28861
28861
28861
28861
28861
28861
28861
28861
28861
28861
28861
28861
28861
28861
28861
28861
28861
28861
28861
28861
28861
28866
28866
28866
28866
28866
28866
28866
28866
28866
28866
28866
28866
28866
28866
28866
28866
28866
28866
28866
28866
28866
28866
28866
28866
28866
28866
28866
28866
28866
28866
28866
28866
28866
28866
28866
28866
28866
28866
28866
28866
28866
28866
28866
28866
28866
28866
28866
28866
28866
Record: 28863.5
Time 3.780509
