2163
2163
2163
Generation 1 of 100
2163
Generation 2 of 100
2235
Generation 3 of 100
2235
Generation 4 of 100
2235
Generation 5 of 100
2278
Generation 6 of 100
2280
Generation 7 of 100
2280
Generation 8 of 100
2302
Generation 9 of 100
2302
Generation 10 of 100
2302
Generation 11 of 100
2302
Generation 12 of 100
2314
Generation 13 of 100
2318
Generation 14 of 100
2339
Generation 15 of 100
2339
Generation 16 of 100
2339
Generation 17 of 100
2344
Generation 18 of 100
2347
Generation 19 of 100
2347
Generation 20 of 100
2349
Generation 21 of 100
2350
Generation 22 of 100
2350
Generation 23 of 100
2355
Generation 24 of 100
2355
Generation 25 of 100
2355
Generation 26 of 100
2355
Generation 27 of 100
2355
Generation 28 of 100
2358
Generation 29 of 100
2360
Generation 30 of 100
2360
Generation 31 of 100
2363
Generation 32 of 100
2363
Generation 33 of 100
2363
Generation 34 of 100
2363
Generation 35 of 100
2364
Generation 36 of 100
2364
Generation 37 of 100
2372
Generation 38 of 100
2372
Generation 39 of 100
2372
Generation 40 of 100
2378
Generation 41 of 100
2378
Generation 42 of 100
2378
Generation 43 of 100
2378
Generation 44 of 100
2399
Generation 45 of 100
2399
Generation 46 of 100
2399
Generation 47 of 100
2399
Generation 48 of 100
2399
Generation 49 of 100
2399
Generation 50 of 100
2399
Generation 51 of 100
2399
Generation 52 of 100
2399
Generation 53 of 100
2399
Generation 54 of 100
2399
Generation 55 of 100
2399
Generation 56 of 100
2399
Generation 57 of 100
2399
Generation 58 of 100
2399
Generation 59 of 100
2399
Generation 60 of 100
2399
Generation 61 of 100
2399
Generation 62 of 100
2399
Generation 63 of 100
2399
Generation 64 of 100
2399
Generation 65 of 100
2399
Generation 66 of 100
2399
Generation 67 of 100
2399
Generation 68 of 100
2399
Generation 69 of 100
2399
Generation 70 of 100
2399
Generation 71 of 100
2399
Generation 72 of 100
2399
Generation 73 of 100
2399
Generation 74 of 100
2399
Generation 75 of 100
2399
Generation 76 of 100
2399
Generation 77 of 100
2399
Generation 78 of 100
2399
Generation 79 of 100
2399
Generation 80 of 100
2399
Generation 81 of 100
2399
Generation 82 of 100
2399
Generation 83 of 100
2399
Generation 84 of 100
2399
Generation 85 of 100
2399
Generation 86 of 100
2399
Generation 87 of 100
2399
Generation 88 of 100
2399
Generation 89 of 100
2399
Generation 90 of 100
2399
Generation 91 of 100
2399
Generation 92 of 100
2399
Generation 93 of 100
2399
Generation 94 of 100
2399
Generation 95 of 100
2399
Generation 96 of 100
2399
Generation 97 of 100
2399
Generation 98 of 100
2399
Generation 99 of 100
2399
Generation 100 of 100
2399
Best solution found has objective value = 2399
