10551
10551
10551
Generation 1 of 300
11300
Generation 2 of 300
11300
Generation 3 of 300
11398
Generation 4 of 300
11398
Generation 5 of 300
11398
Generation 6 of 300
11444
Generation 7 of 300
11592
Generation 8 of 300
11592
Generation 9 of 300
11592
Generation 10 of 300
11626
Generation 11 of 300
11626
Generation 12 of 300
11626
Generation 13 of 300
11766
Generation 14 of 300
11873
Generation 15 of 300
11873
Generation 16 of 300
11873
Generation 17 of 300
11968
Generation 18 of 300
11968
Generation 19 of 300
11968
Generation 20 of 300
12494
Generation 21 of 300
12494
Generation 22 of 300
12494
Generation 23 of 300
12494
Generation 24 of 300
12494
Generation 25 of 300
12494
Generation 26 of 300
12494
Generation 27 of 300
12599
Generation 28 of 300
12599
Generation 29 of 300
12599
Generation 30 of 300
12599
Generation 31 of 300
12599
Generation 32 of 300
12599
Generation 33 of 300
12599
Generation 34 of 300
12697
Generation 35 of 300
12836
Generation 36 of 300
12836
Generation 37 of 300
12840
Generation 38 of 300
12921
Generation 39 of 300
12921
Generation 40 of 300
12922
Generation 41 of 300
12922
Generation 42 of 300
12997
Generation 43 of 300
13013
Generation 44 of 300
13021
Generation 45 of 300
13021
Generation 46 of 300
13021
Generation 47 of 300
13021
Generation 48 of 300
13023
Generation 49 of 300
13080
Generation 50 of 300
13080
Generation 51 of 300
13080
Generation 52 of 300
13080
Generation 53 of 300
13080
Generation 54 of 300
13080
Generation 55 of 300
13080
Generation 56 of 300
13080
Generation 57 of 300
13080
Generation 58 of 300
13080
Generation 59 of 300
13080
Generation 60 of 300
13080
Generation 61 of 300
13080
Generation 62 of 300
13080
Generation 63 of 300
13080
Generation 64 of 300
13080
Generation 65 of 300
13080
Generation 66 of 300
13169
Generation 67 of 300
13202
Generation 68 of 300
13202
Generation 69 of 300
13202
Generation 70 of 300
13202
Generation 71 of 300
13202
Generation 72 of 300
13202
Generation 73 of 300
13202
Generation 74 of 300
13202
Generation 75 of 300
13202
Generation 76 of 300
13202
Generation 77 of 300
13202
Generation 78 of 300
13202
Generation 79 of 300
13202
Generation 80 of 300
13202
Generation 81 of 300
13202
Generation 82 of 300
13202
Generation 83 of 300
13202
Generation 84 of 300
13202
Generation 85 of 300
13202
Generation 86 of 300
13202
Generation 87 of 300
13202
Generation 88 of 300
13202
Generation 89 of 300
13202
Generation 90 of 300
13202
Generation 91 of 300
13202
Generation 92 of 300
13202
Generation 93 of 300
13202
Generation 94 of 300
13202
Generation 95 of 300
13202
Generation 96 of 300
13202
Generation 97 of 300
13202
Generation 98 of 300
13202
Generation 99 of 300
13202
Generation 100 of 300
13202
Generation 101 of 300
13202
Generation 102 of 300
13202
Generation 103 of 300
13202
Generation 104 of 300
13202
Generation 105 of 300
13202
Generation 106 of 300
13202
Generation 107 of 300
13202
Generation 108 of 300
13202
Generation 109 of 300
13202
Generation 110 of 300
13202
Generation 111 of 300
13202
Generation 112 of 300
13202
Generation 113 of 300
13202
Generation 114 of 300
13202
Generation 115 of 300
13202
Generation 116 of 300
13202
Generation 117 of 300
13202
Generation 118 of 300
13202
Generation 119 of 300
13202
Generation 120 of 300
13202
Generation 121 of 300
13202
Generation 122 of 300
13202
Generation 123 of 300
13202
Generation 124 of 300
13202
Generation 125 of 300
13202
Generation 126 of 300
13202
Generation 127 of 300
13202
Generation 128 of 300
13202
Generation 129 of 300
13202
Generation 130 of 300
13202
Generation 131 of 300
13202
Generation 132 of 300
13202
Generation 133 of 300
13202
Generation 134 of 300
13202
Generation 135 of 300
13202
Generation 136 of 300
13207
Generation 137 of 300
13207
Generation 138 of 300
13207
Generation 139 of 300
13207
Generation 140 of 300
13207
Generation 141 of 300
13226
Generation 142 of 300
13226
Generation 143 of 300
13226
Generation 144 of 300
13226
Generation 145 of 300
13226
Generation 146 of 300
13230
Generation 147 of 300
13230
Generation 148 of 300
13230
Generation 149 of 300
13230
Generation 150 of 300
13230
Generation 151 of 300
13318
Generation 152 of 300
13318
Generation 153 of 300
13318
Generation 154 of 300
13318
Generation 155 of 300
13318
Generation 156 of 300
13318
Generation 157 of 300
13394
Generation 158 of 300
13394
Generation 159 of 300
13394
Generation 160 of 300
13394
Generation 161 of 300
13394
Generation 162 of 300
13394
Generation 163 of 300
13394
Generation 164 of 300
13394
Generation 165 of 300
13394
Generation 166 of 300
13394
Generation 167 of 300
13394
Generation 168 of 300
13394
Generation 169 of 300
13394
Generation 170 of 300
13394
Generation 171 of 300
13394
Generation 172 of 300
13394
Generation 173 of 300
13394
Generation 174 of 300
13394
Generation 175 of 300
13394
Generation 176 of 300
13394
Generation 177 of 300
13394
Generation 178 of 300
13394
Generation 179 of 300
13394
Generation 180 of 300
13394
Generation 181 of 300
13394
Generation 182 of 300
13394
Generation 183 of 300
13394
Generation 184 of 300
13394
Generation 185 of 300
13394
Generation 186 of 300
13394
Generation 187 of 300
13394
Generation 188 of 300
13394
Generation 189 of 300
13394
Generation 190 of 300
13394
Generation 191 of 300
13394
Generation 192 of 300
13394
Generation 193 of 300
13394
Generation 194 of 300
13394
Generation 195 of 300
13394
Generation 196 of 300
13394
Generation 197 of 300
13394
Generation 198 of 300
13394
Generation 199 of 300
13394
Generation 200 of 300
13394
Generation 201 of 300
13394
Generation 202 of 300
13394
Generation 203 of 300
13394
Generation 204 of 300
13394
Generation 205 of 300
13394
Generation 206 of 300
13394
Generation 207 of 300
13394
Generation 208 of 300
13394
Generation 209 of 300
13394
Generation 210 of 300
13394
Generation 211 of 300
13394
Generation 212 of 300
13394
Generation 213 of 300
13394
Generation 214 of 300
13394
Generation 215 of 300
13394
Generation 216 of 300
13394
Generation 217 of 300
13394
Generation 218 of 300
13394
Generation 219 of 300
13394
Generation 220 of 300
13394
Generation 221 of 300
13394
Generation 222 of 300
13394
Generation 223 of 300
13394
Generation 224 of 300
13394
Generation 225 of 300
13411
Generation 226 of 300
13411
Generation 227 of 300
13411
Generation 228 of 300
13411
Generation 229 of 300
13411
Generation 230 of 300
13411
Generation 231 of 300
13411
Generation 232 of 300
13411
Generation 233 of 300
13411
Generation 234 of 300
13411
Generation 235 of 300
13411
Generation 236 of 300
13411
Generation 237 of 300
13411
Generation 238 of 300
13411
Generation 239 of 300
13411
Generation 240 of 300
13411
Generation 241 of 300
13411
Generation 242 of 300
13411
Generation 243 of 300
13411
Generation 244 of 300
13411
Generation 245 of 300
13411
Generation 246 of 300
13411
Generation 247 of 300
13411
Generation 248 of 300
13411
Generation 249 of 300
13411
Generation 250 of 300
13411
Generation 251 of 300
13411
Generation 252 of 300
13411
Generation 253 of 300
13411
Generation 254 of 300
13411
Generation 255 of 300
13411
Generation 256 of 300
13411
Generation 257 of 300
13411
Generation 258 of 300
13411
Generation 259 of 300
13411
Generation 260 of 300
13411
Generation 261 of 300
13411
Generation 262 of 300
13411
Generation 263 of 300
13411
Generation 264 of 300
13411
Generation 265 of 300
13411
Generation 266 of 300
13411
Generation 267 of 300
13411
Generation 268 of 300
13411
Generation 269 of 300
13411
Generation 270 of 300
13411
Generation 271 of 300
13411
Generation 272 of 300
13411
Generation 273 of 300
13411
Generation 274 of 300
13411
Generation 275 of 300
13411
Generation 276 of 300
13411
Generation 277 of 300
13411
Generation 278 of 300
13411
Generation 279 of 300
13411
Generation 280 of 300
13411
Generation 281 of 300
13411
Generation 282 of 300
13411
Generation 283 of 300
13411
Generation 284 of 300
13411
Generation 285 of 300
13411
Generation 286 of 300
13411
Generation 287 of 300
13411
Generation 288 of 300
13411
Generation 289 of 300
13411
Generation 290 of 300
13411
Generation 291 of 300
13411
Generation 292 of 300
13411
Generation 293 of 300
13411
Generation 294 of 300
13411
Generation 295 of 300
13411
Generation 296 of 300
13411
Generation 297 of 300
13411
Generation 298 of 300
13411
Generation 299 of 300
13411
Generation 300 of 300
13411
Record: 13411
Time 7.502420
