4978
4978
4978
Generation 1 of 100
5135
Generation 2 of 100
5242
Generation 3 of 100
5242
Generation 4 of 100
5242
Generation 5 of 100
5257
Generation 6 of 100
5257
Generation 7 of 100
5286
Generation 8 of 100
5286
Generation 9 of 100
5286
Generation 10 of 100
5286
Generation 11 of 100
5303
Generation 12 of 100
5303
Generation 13 of 100
5381
Generation 14 of 100
5381
Generation 15 of 100
5381
Generation 16 of 100
5381
Generation 17 of 100
5411
Generation 18 of 100
5411
Generation 19 of 100
5449
Generation 20 of 100
5475
Generation 21 of 100
5534
Generation 22 of 100
5534
Generation 23 of 100
5542
Generation 24 of 100
5542
Generation 25 of 100
5543
Generation 26 of 100
5559
Generation 27 of 100
5606
Generation 28 of 100
5610
Generation 29 of 100
5617
Generation 30 of 100
5631
Generation 31 of 100
5638
Generation 32 of 100
5684
Generation 33 of 100
5705
Generation 34 of 100
5705
Generation 35 of 100
5743
Generation 36 of 100
5743
Generation 37 of 100
5763
Generation 38 of 100
5763
Generation 39 of 100
5764
Generation 40 of 100
5764
Generation 41 of 100
5764
Generation 42 of 100
5774
Generation 43 of 100
5790
Generation 44 of 100
5796
Generation 45 of 100
5809
Generation 46 of 100
5819
Generation 47 of 100
5819
Generation 48 of 100
5821
Generation 49 of 100
5821
Generation 50 of 100
5830
Generation 51 of 100
5849
Generation 52 of 100
5855
Generation 53 of 100
5859
Generation 54 of 100
5859
Generation 55 of 100
5872
Generation 56 of 100
5872
Generation 57 of 100
5879
Generation 58 of 100
5879
Generation 59 of 100
5879
Generation 60 of 100
5884
Generation 61 of 100
5891
Generation 62 of 100
5891
Generation 63 of 100
5894
Generation 64 of 100
5899
Generation 65 of 100
5899
Generation 66 of 100
5899
Generation 67 of 100
5901
Generation 68 of 100
5919
Generation 69 of 100
5923
Generation 70 of 100
5930
Generation 71 of 100
5930
Generation 72 of 100
5930
Generation 73 of 100
5930
Generation 74 of 100
5930
Generation 75 of 100
5930
Generation 76 of 100
5944
Generation 77 of 100
5944
Generation 78 of 100
5944
Generation 79 of 100
5950
Generation 80 of 100
5950
Generation 81 of 100
5950
Generation 82 of 100
5950
Generation 83 of 100
5950
Generation 84 of 100
5950
Generation 85 of 100
5950
Generation 86 of 100
5981
Generation 87 of 100
5981
Generation 88 of 100
5981
Generation 89 of 100
5981
Generation 90 of 100
5981
Generation 91 of 100
5981
Generation 92 of 100
5981
Generation 93 of 100
5981
Generation 94 of 100
5983
Generation 95 of 100
5983
Generation 96 of 100
5983
Generation 97 of 100
5983
Generation 98 of 100
5983
Generation 99 of 100
5983
Generation 100 of 100
5983
Best solution found has objective value = 5983
