4712
4712
4712
Generation 1 of 100
4752
Generation 2 of 100
4774
Generation 3 of 100
4784
Generation 4 of 100
4784
Generation 5 of 100
4830
Generation 6 of 100
4833
Generation 7 of 100
4895
Generation 8 of 100
4895
Generation 9 of 100
4905
Generation 10 of 100
4946
Generation 11 of 100
4946
Generation 12 of 100
4998
Generation 13 of 100
4998
Generation 14 of 100
5009
Generation 15 of 100
5013
Generation 16 of 100
5047
Generation 17 of 100
5047
Generation 18 of 100
5062
Generation 19 of 100
5134
Generation 20 of 100
5134
Generation 21 of 100
5134
Generation 22 of 100
5134
Generation 23 of 100
5134
Generation 24 of 100
5134
Generation 25 of 100
5169
Generation 26 of 100
5184
Generation 27 of 100
5184
Generation 28 of 100
5195
Generation 29 of 100
5195
Generation 30 of 100
5211
Generation 31 of 100
5225
Generation 32 of 100
5238
Generation 33 of 100
5253
Generation 34 of 100
5253
Generation 35 of 100
5255
Generation 36 of 100
5262
Generation 37 of 100
5277
Generation 38 of 100
5303
Generation 39 of 100
5303
Generation 40 of 100
5310
Generation 41 of 100
5310
Generation 42 of 100
5317
Generation 43 of 100
5346
Generation 44 of 100
5346
Generation 45 of 100
5352
Generation 46 of 100
5352
Generation 47 of 100
5361
Generation 48 of 100
5361
Generation 49 of 100
5361
Generation 50 of 100
5367
Generation 51 of 100
5378
Generation 52 of 100
5383
Generation 53 of 100
5383
Generation 54 of 100
5383
Generation 55 of 100
5383
Generation 56 of 100
5383
Generation 57 of 100
5383
Generation 58 of 100
5383
Generation 59 of 100
5383
Generation 60 of 100
5383
Generation 61 of 100
5383
Generation 62 of 100
5383
Generation 63 of 100
5383
Generation 64 of 100
5383
Generation 65 of 100
5383
Generation 66 of 100
5383
Generation 67 of 100
5383
Generation 68 of 100
5383
Generation 69 of 100
5383
Generation 70 of 100
5383
Generation 71 of 100
5383
Generation 72 of 100
5383
Generation 73 of 100
5383
Generation 74 of 100
5383
Generation 75 of 100
5383
Generation 76 of 100
5383
Generation 77 of 100
5383
Generation 78 of 100
5383
Generation 79 of 100
5383
Generation 80 of 100
5383
Generation 81 of 100
5383
Generation 82 of 100
5383
Generation 83 of 100
5383
Generation 84 of 100
5383
Generation 85 of 100
5383
Generation 86 of 100
5383
Generation 87 of 100
5383
Generation 88 of 100
5383
Generation 89 of 100
5383
Generation 90 of 100
5383
Generation 91 of 100
5383
Generation 92 of 100
5383
Generation 93 of 100
5383
Generation 94 of 100
5383
Generation 95 of 100
5383
Generation 96 of 100
5383
Generation 97 of 100
5383
Generation 98 of 100
5383
Generation 99 of 100
5383
Generation 100 of 100
5383
Best solution found has objective value = 5383
