2257
2257
2257
Generation 1 of 100
2298
Generation 2 of 100
2304
Generation 3 of 100
2318
Generation 4 of 100
2351
Generation 5 of 100
2354
Generation 6 of 100
2410
Generation 7 of 100
2410
Generation 8 of 100
2410
Generation 9 of 100
2455
Generation 10 of 100
2455
Generation 11 of 100
2472
Generation 12 of 100
2472
Generation 13 of 100
2472
Generation 14 of 100
2472
Generation 15 of 100
2476
Generation 16 of 100
2501
Generation 17 of 100
2511
Generation 18 of 100
2536
Generation 19 of 100
2537
Generation 20 of 100
2537
Generation 21 of 100
2552
Generation 22 of 100
2577
Generation 23 of 100
2577
Generation 24 of 100
2593
Generation 25 of 100
2609
Generation 26 of 100
2620
Generation 27 of 100
2626
Generation 28 of 100
2626
Generation 29 of 100
2650
Generation 30 of 100
2650
Generation 31 of 100
2650
Generation 32 of 100
2665
Generation 33 of 100
2674
Generation 34 of 100
2674
Generation 35 of 100
2678
Generation 36 of 100
2688
Generation 37 of 100
2688
Generation 38 of 100
2688
Generation 39 of 100
2688
Generation 40 of 100
2688
Generation 41 of 100
2696
Generation 42 of 100
2705
Generation 43 of 100
2705
Generation 44 of 100
2705
Generation 45 of 100
2705
Generation 46 of 100
2705
Generation 47 of 100
2705
Generation 48 of 100
2705
Generation 49 of 100
2713
Generation 50 of 100
2713
Generation 51 of 100
2713
Generation 52 of 100
2713
Generation 53 of 100
2713
Generation 54 of 100
2713
Generation 55 of 100
2713
Generation 56 of 100
2713
Generation 57 of 100
2721
Generation 58 of 100
2722
Generation 59 of 100
2722
Generation 60 of 100
2722
Generation 61 of 100
2729
Generation 62 of 100
2729
Generation 63 of 100
2729
Generation 64 of 100
2729
Generation 65 of 100
2745
Generation 66 of 100
2745
Generation 67 of 100
2745
Generation 68 of 100
2745
Generation 69 of 100
2745
Generation 70 of 100
2745
Generation 71 of 100
2745
Generation 72 of 100
2745
Generation 73 of 100
2745
Generation 74 of 100
2745
Generation 75 of 100
2745
Generation 76 of 100
2745
Generation 77 of 100
2745
Generation 78 of 100
2745
Generation 79 of 100
2745
Generation 80 of 100
2745
Generation 81 of 100
2745
Generation 82 of 100
2745
Generation 83 of 100
2745
Generation 84 of 100
2745
Generation 85 of 100
2745
Generation 86 of 100
2745
Generation 87 of 100
2745
Generation 88 of 100
2745
Generation 89 of 100
2745
Generation 90 of 100
2748
Generation 91 of 100
2748
Generation 92 of 100
2748
Generation 93 of 100
2748
Generation 94 of 100
2752
Generation 95 of 100
2752
Generation 96 of 100
2752
Generation 97 of 100
2752
Generation 98 of 100
2752
Generation 99 of 100
2752
Generation 100 of 100
2752
Best solution found has objective value = 2752
