2258
2258
2258
Generation 1 of 100
2285
Generation 2 of 100
2285
Generation 3 of 100
2369
Generation 4 of 100
2369
Generation 5 of 100
2369
Generation 6 of 100
2369
Generation 7 of 100
2389
Generation 8 of 100
2389
Generation 9 of 100
2390
Generation 10 of 100
2390
Generation 11 of 100
2440
Generation 12 of 100
2440
Generation 13 of 100
2440
Generation 14 of 100
2443
Generation 15 of 100
2443
Generation 16 of 100
2517
Generation 17 of 100
2517
Generation 18 of 100
2517
Generation 19 of 100
2536
Generation 20 of 100
2536
Generation 21 of 100
2560
Generation 22 of 100
2584
Generation 23 of 100
2595
Generation 24 of 100
2595
Generation 25 of 100
2615
Generation 26 of 100
2615
Generation 27 of 100
2620
Generation 28 of 100
2620
Generation 29 of 100
2647
Generation 30 of 100
2647
Generation 31 of 100
2647
Generation 32 of 100
2647
Generation 33 of 100
2647
Generation 34 of 100
2647
Generation 35 of 100
2667
Generation 36 of 100
2667
Generation 37 of 100
2667
Generation 38 of 100
2667
Generation 39 of 100
2671
Generation 40 of 100
2671
Generation 41 of 100
2681
Generation 42 of 100
2681
Generation 43 of 100
2681
Generation 44 of 100
2681
Generation 45 of 100
2681
Generation 46 of 100
2681
Generation 47 of 100
2681
Generation 48 of 100
2687
Generation 49 of 100
2687
Generation 50 of 100
2687
Generation 51 of 100
2687
Generation 52 of 100
2687
Generation 53 of 100
2687
Generation 54 of 100
2699
Generation 55 of 100
2699
Generation 56 of 100
2699
Generation 57 of 100
2699
Generation 58 of 100
2706
Generation 59 of 100
2706
Generation 60 of 100
2706
Generation 61 of 100
2706
Generation 62 of 100
2706
Generation 63 of 100
2706
Generation 64 of 100
2706
Generation 65 of 100
2706
Generation 66 of 100
2706
Generation 67 of 100
2706
Generation 68 of 100
2706
Generation 69 of 100
2713
Generation 70 of 100
2713
Generation 71 of 100
2713
Generation 72 of 100
2713
Generation 73 of 100
2713
Generation 74 of 100
2713
Generation 75 of 100
2713
Generation 76 of 100
2714
Generation 77 of 100
2714
Generation 78 of 100
2714
Generation 79 of 100
2714
Generation 80 of 100
2714
Generation 81 of 100
2714
Generation 82 of 100
2726
Generation 83 of 100
2726
Generation 84 of 100
2726
Generation 85 of 100
2726
Generation 86 of 100
2726
Generation 87 of 100
2726
Generation 88 of 100
2726
Generation 89 of 100
2726
Generation 90 of 100
2726
Generation 91 of 100
2726
Generation 92 of 100
2726
Generation 93 of 100
2726
Generation 94 of 100
2726
Generation 95 of 100
2726
Generation 96 of 100
2726
Generation 97 of 100
2726
Generation 98 of 100
2726
Generation 99 of 100
2726
Generation 100 of 100
2726
Best solution found has objective value = 2726
