4536
4536
4536
4550
4557
4558
4561
4566
4567
4567
4567
4567
4567
4567
4567
4567
4567
4567
4567
4567
4567
4567
4567
4567
4567
4567
4567
4567
4567
4567
4567
4567
4567
4567
4567
4567
4567
4567
4567
4567
4567
4567
4567
4567
4567
4567
4567
4567
4567
4567
4567
4567
4567
4567
4567
4567
4567
4567
4567
4567
4567
4567
4567
4567
4567
4567
4567
4567
4567
4567
4567
4567
4567
4567
4567
4567
4567
4567
4567
4567
4567
4567
4567
4567
4567
4567
4567
4567
4567
4567
4567
4567
4567
4567
4567
4567
4567
4567
4567
4567
4567
4567
4567
4567
4567
4567
4567
4567
4567
4567
4567
4567
4567
4567
4567
4567
4567
4567
4567
4567
4567
4567
4567
4567
4567
4567
4567
4567
4567
4567
4567
4567
4567
4567
4567
4567
4567
4567
4567
4567
4567
4567
4567
4567
4567
4567
4567
4567
4567
4567
4567
4567
4567
4567
4567
4567
4567
4567
4567
4567
4567
4567
4567
4567
4567
4567
4567
4567
4567
4567
4567
4567
4567
4567
4567
4567
4567
4567
4567
4567
4567
4567
4567
4567
4567
4567
4567
4567
4567
4567
4567
4567
4567
4567
4567
4567
4567
4567
4567
4567
4567
4567
4567
4567
4567
4567
4567
4567
4567
4567
4567
4567
4567
4567
4567
4567
4567
4567
4567
4567
4567
4567
4567
4567
4567
4567
4567
4567
4567
4567
4567
4567
4567
4567
4567
4567
4567
4567
4567
4567
4567
4567
4567
4567
4567
4567
4567
4567
4567
4567
4567
4567
4567
4567
4567
4567
4567
4567
4567
4567
4567
4567
4567
4567
4567
4567
4567
4567
4567
4567
4567
4567
4567
4567
4567
4567
4567
4567
4567
4567
4567
4567
4567
4567
4567
4567
4567
4567
4567
4567
4567
4567
4567
4567
4567
4567
4567
4567
4567
4567
4567
4567
4567
4567
4567
4567
4567
4567
4567
4567
4567
4567
4567
4567
4567
4567
4567
4567
4567
4567
4567
4567
4567
4567
4567
4567
4567
4567
4567
4567
4567
4567
4567
4567
4567
4567
4567
4567
4567
4567
4567
4567
4567
4567
4567
4567
4567
4567
4567
4567
4567
4567
4567
4567
4567
4567
4567
4567
4567
4567
4567
4567
4567
4567
4567
4567
4567
4567
4567
4567
4567
4567
4567
4567
4567
4567
4567
4567
4567
4567
4567
4567
4567
4567
4567
4567
4567
4567
4567
4567
4567
4567
4567
4567
4567
4567
4567
4567
4567
4567
4567
4567
Record: 4567
Time 0.260487
