2023
2023
2023
Generation 1 of 100
2131
Generation 2 of 100
2146
Generation 3 of 100
2173
Generation 4 of 100
2190
Generation 5 of 100
2197
Generation 6 of 100
2239
Generation 7 of 100
2245
Generation 8 of 100
2245
Generation 9 of 100
2245
Generation 10 of 100
2313
Generation 11 of 100
2313
Generation 12 of 100
2313
Generation 13 of 100
2313
Generation 14 of 100
2313
Generation 15 of 100
2317
Generation 16 of 100
2324
Generation 17 of 100
2354
Generation 18 of 100
2354
Generation 19 of 100
2441
Generation 20 of 100
2441
Generation 21 of 100
2441
Generation 22 of 100
2441
Generation 23 of 100
2441
Generation 24 of 100
2441
Generation 25 of 100
2455
Generation 26 of 100
2455
Generation 27 of 100
2460
Generation 28 of 100
2460
Generation 29 of 100
2460
Generation 30 of 100
2466
Generation 31 of 100
2467
Generation 32 of 100
2482
Generation 33 of 100
2482
Generation 34 of 100
2490
Generation 35 of 100
2494
Generation 36 of 100
2494
Generation 37 of 100
2494
Generation 38 of 100
2497
Generation 39 of 100
2497
Generation 40 of 100
2497
Generation 41 of 100
2497
Generation 42 of 100
2497
Generation 43 of 100
2497
Generation 44 of 100
2510
Generation 45 of 100
2510
Generation 46 of 100
2510
Generation 47 of 100
2510
Generation 48 of 100
2510
Generation 49 of 100
2510
Generation 50 of 100
2510
Generation 51 of 100
2510
Generation 52 of 100
2510
Generation 53 of 100
2510
Generation 54 of 100
2510
Generation 55 of 100
2511
Generation 56 of 100
2511
Generation 57 of 100
2511
Generation 58 of 100
2511
Generation 59 of 100
2511
Generation 60 of 100
2511
Generation 61 of 100
2511
Generation 62 of 100
2511
Generation 63 of 100
2511
Generation 64 of 100
2526
Generation 65 of 100
2526
Generation 66 of 100
2526
Generation 67 of 100
2531
Generation 68 of 100
2531
Generation 69 of 100
2531
Generation 70 of 100
2531
Generation 71 of 100
2531
Generation 72 of 100
2531
Generation 73 of 100
2531
Generation 74 of 100
2531
Generation 75 of 100
2531
Generation 76 of 100
2531
Generation 77 of 100
2531
Generation 78 of 100
2531
Generation 79 of 100
2531
Generation 80 of 100
2531
Generation 81 of 100
2531
Generation 82 of 100
2531
Generation 83 of 100
2531
Generation 84 of 100
2531
Generation 85 of 100
2531
Generation 86 of 100
2531
Generation 87 of 100
2531
Generation 88 of 100
2531
Generation 89 of 100
2531
Generation 90 of 100
2531
Generation 91 of 100
2531
Generation 92 of 100
2531
Generation 93 of 100
2531
Generation 94 of 100
2531
Generation 95 of 100
2531
Generation 96 of 100
2531
Generation 97 of 100
2531
Generation 98 of 100
2531
Generation 99 of 100
2531
Generation 100 of 100
2531
Best solution found has objective value = 2531
