3474
3432
3508
3508
3499
3509
3444
3512
3509
3471
3479
3509
3500
3473
3508
3479
3522
3479
3508
3479
3508
3522
3499
3512
3522
3512
3430
3516
3512
3474
3509
3512
3516
3479
3508
3479
3508
3508
3463
3479
3509
3479
3522
3516
3508
3479
3512
3512
3499
3509
3516
3512
3479
3512
3457
3470
3509
3522
3516
3512
3461
3479
3479
3508
3508
3499
3509
3516
3508
3516
3479
3509
3432
3509
3479
3474
3522
3500
3516
3479
3512
3512
3516
3477
3512
3508
3479
3499
3516
3509
3522
3508
3516
3508
3512
3509
3512
3508
3479
3474
3516
3508
3508
3522
3509
3516
3470
3522
3522
3479
3474
3522
3512
3508
3509
3499
3508
3508
3499
3470
3508
3522
3508
3508
3508
3508
3508
3499
3479
3508
3479
3509
3479
3479
3509
3479
3512
3512
3522
3508
3462
3479
3522
3479
3500
3479
3522
3500
3500
3516
3512
3470
3479
3508
3479
3470
3479
3470
3479
3512
3508
3474
3509
3479
3516
3474
3500
3463
3508
3516
3455
3479
3516
3509
3512
3509
3516
3509
3522
3522
3522
3500
3479
3479
3508
3500
3500
3508
3479
3498
3479
3479
3508
3508
3509
3509
3474
3500
3508
3512
3516
3479
3522
3516
3516
3508
3516
3479
3516
3508
3508
3522
3509
3508
3479
3509
3479
3508
3458
3470
3522
3516
3479
3479
3479
3472
3479
3509
3508
3512
3479
3479
3479
3462
3479
3512
3508
3479
3500
3509
3516
3516
3512
3479
3508
3479
3500
3522
3470
3508
3499
3512
3508
3508
3479
3522
3508
3522
3479
3508
3512
3463
3512
3516
3479
3516
3499
3479
3479
3461
3522
3522
3512
3479
3522
3516
3522
3463
3479
3522
3509
3508
3508
3479
3474
3479
3479
3516
3512
3508
3512
3479
3512
3509
3454
3479
3509
3479
3500
3516
3508
3474
3508
3479
3516
3479
3470
3512
3522
3442
3499
3508
3470
3522
3479
3508
3516
3509
3508
3470
3479
3508
3470
3512
3509
3473
3473
3500
3522
3508
3509
3474
3500
3516
3516
3516
3516
3509
3509
3479
3512
3479
3479
3479
3516
3512
3522
3479
3516
3479
3512
3474
3522
3508
3522
3479
3512
3509
3512
3508
3516
3479
3516
3516
3479
3508
3509
3512
3522
3522
3479
3479
3499
3509
3512
3437
3522
3508
3433
3508
3508
3474
3508
3522
3479
3471
3500
3509
3509
3522
3479
3473
3500
3479
3508
3474
3508
3500
3425
3479
3509
3508
3479
3508
3508
3479
3516
3473
3512
3512
3500
3516
3522
3474
3522
3512
3509
3479
3479
3512
3516
3479
3479
3522
3479
3508
3508
3508
3509
3461
3509
3508
3479
3479
3473
3512
3509
3508
3509
3508
3500
3508
3509
3500
3508
3516
3508
3512
3512
3516
3463
3432
3450
3479
3508
3479
3509
3512
3512
3516
3522
3516
3508
3508
3479
3508
3509
3474
3508
3472
3477
3516
3512
3508
3516
3509
3508
3522
3474
3512
3522
3509
3500
3509
3479
3516
3479
3474
3455
3516
3470
3516
3479
3453
3509
3474
3512
3512
3479
3500
3512
3512
3499
3500
3479
3479
3508
3455
3479
3500
3522
3500
3453
3516
3508
3512
3479
3508
3509
3509
3508
3512
3516
3516
3479
3516
3508
3516
3509
3500
3512
3516
3508
3470
3499
3522
3512
3516
3512
3509
3508
3508
3512
3479
3479
3479
3509
3516
3516
3479
3508
3479
3470
3512
3512
3508
3479
3470
3479
3512
3477
3516
3479
3463
3479
3516
3508
3522
3508
3500
3471
3479
3479
3522
3508
3516
3512
3512
3477
3470
3509
3479
3508
3479
3512
3498
3479
3470
3499
3470
3500
3466
3508
3512
3516
3522
3461
3470
3508
3509
3512
3479
3508
3508
3508
3474
3500
3473
3512
3512
3509
3479
3479
3522
3512
3479
3522
3508
3479
3516
3466
3509
3512
3516
3516
3479
3522
3479
3522
3479
3508
3464
3512
3522
3512
3471
3516
3516
3508
3479
3499
3479
3508
3479
3508
3522
3522
3508
3474
3479
3509
3479
3522
3508
3473
3473
3516
3516
3479
3477
3458
3522
3474
3500
3500
3508
3516
3500
3516
3508
3516
3508
3509
3516
3509
3508
3470
3512
3508
3508
3508
3508
3500
3509
3463
3509
3512
3479
3516
3516
3522
3512
3516
3516
3512
3508
3516
3509
3516
3500
3509
3479
3473
3522
3479
3508
3508
3509
3508
3500
3509
3522
3512
3500
3500
3474
3479
3516
3522
3479
3500
3477
3512
3508
3522
3479
3499
3512
3512
3516
3516
3509
3508
3522
3516
3479
3516
3458
3470
3472
3479
3479
3474
3479
3516
3470
3466
3479
3479
3471
3479
3470
3509
3512
3508
3522
3509
3474
3463
3512
3473
3470
3508
3509
3522
3477
3479
3516
3479
3479
3516
3512
3479
3509
3474
3508
3479
3508
3500
3509
3508
3500
3516
3512
3512
3512
3516
3500
3508
3479
3516
3479
3479
3479
3479
3509
3512
3479
3508
3508
3509
3470
3509
3516
3499
3508
3479
3516
3479
3512
3512
3509
3479
3479
3516
3516
3470
3479
3522
3474
3522
3508
3509
3508
3499
3509
3522
3512
3522
3479
3479
3508
3508
3508
3512
3516
3522
3508
3508
3499
3479
3500
3474
3500
3479
3479
3508
3512
3508
3474
3509
3512
3522
3516
3447
3479
3516
3508
3479
3509
3512
3508
3479
3479
3479
3479
3512
3474
3516
3512
3474
3479
3508
3479
3516
3508
3479
3479
3516
3522
3479
3516
3516
3508
3509
3479
3479
3508
3479
3509
3479
3508
3508
3509
3499
3461
3509
3479
3479
3508
3516
3508
3479
3479
3522
3512
3512
3508
3466
3479
3522
3508
3474
3479
3508
3512
3508
3508
3508
3479
3470
3516
3472
3516
3508
3479
3509
3509
3516
3479
3509
3509
3473
3508
3512
3508
3508
3516
3508
3508
3508
3508
3479
3508
3509
3479
3509
3474
3499
3479
3516
3508
3522
3522
3479
3479
3512
3512
3508
3424
3512
3508
3512
3479
3464
3477
3499
3516
3463
3508
3522
3451
3442
3499
3479
3466
3508
3474
3479
3522
3508
3512
3509
3509
3516
3479
3509
3500
3516
3516
3509
3508
3522
3474
3479
3512
3508
3522
3473
3508
Record: 3498.38
Time 20.178505
