12317
12317
12317
12317
12317
12317
12317
12317
12317
12317
12317
12317
12317
12317
12317
12317
12317
12317
12317
12317
12317
12317
12317
12317
12317
12317
12317
12317
12317
12317
12317
12317
12317
12317
12317
12317
12317
12317
12317
12317
12317
12317
12317
12317
12317
12317
12317
12317
12317
12317
12317
12317
12317
12317
12317
12317
12317
12317
12317
12317
12317
12317
12317
12317
12317
12317
12317
12317
12317
12317
12317
12317
12317
12317
12317
12317
12317
12317
12317
12317
12317
12317
12317
12317
12317
12317
12317
12317
12317
12317
12317
12317
12317
12317
12317
12317
12317
12317
12317
12317
Record: 12317
Time 9.989292
