19084
19084
19084
19108
19122
19139
19139
19139
19139
19144
19144
19144
19155
19155
19169
19169
19169
19169
19169
19171
19171
19171
19171
19171
19171
19171
19171
19171
19171
19171
19171
19171
19171
19171
19171
19171
19171
19171
19171
19171
19171
19171
19171
19171
19171
19171
19171
19171
19171
19171
19171
19171
19171
19171
19171
19171
19171
19171
19171
19171
19171
19171
19171
19171
19171
19171
19171
19171
19171
19171
19171
19171
19171
19171
19171
19171
19171
19171
19171
19171
19171
19171
19171
19171
19171
19171
19171
19171
19171
19171
19171
19171
19171
19171
19171
19171
19171
19171
19171
19171
19171
19171
19171
19171
19171
19171
19171
19171
19171
19171
19171
19171
19171
19171
19171
19171
19171
19171
19171
19171
19171
19171
19171
19171
19171
19171
19171
19171
19171
19171
19171
19171
19171
19171
19171
19171
19171
19171
19171
19171
19171
19171
19171
19171
19171
19171
19171
19171
19171
19171
19171
19171
19171
19171
19171
19171
19171
19171
19171
19171
19171
19171
19171
19171
19171
19171
19171
19171
19171
19171
19171
19171
19171
19171
19171
19171
19171
19171
19171
19171
19171
19171
19171
19171
19171
19171
19171
19171
19171
19171
19171
19171
19171
19171
19171
19171
19171
19171
19171
19171
19171
19171
19171
19171
19171
19171
19171
19171
19171
19171
19171
19171
19171
19171
19171
19171
19171
19171
19171
19171
19171
19171
19171
19171
19171
19171
19171
19171
19171
19171
19171
19171
19171
19171
19171
19171
19171
19171
19171
19171
19171
19171
19171
19171
19171
19171
19171
19171
19171
19171
19171
19171
19171
19171
19171
19171
19171
19171
19171
19171
19171
19171
19171
19171
19171
19171
19171
19171
19171
19171
19171
19171
19171
19171
19171
19171
19171
19171
19171
19171
19171
19171
19171
19171
19171
19171
19171
19171
19171
19171
19171
19171
19171
19171
19171
19171
19171
19171
19171
19171
19171
19171
19171
19171
19171
19171
19171
19171
19171
19171
19171
19171
19171
19171
19171
19171
19171
19171
19171
19171
19171
19171
19171
19171
19171
19171
19171
19171
19171
19171
19171
19171
19171
19171
19171
19171
19171
19171
19171
19171
19171
19171
19171
19171
19171
19171
19171
19171
19171
19171
19171
19171
19171
19171
19171
19171
19171
19171
19171
19171
19171
19171
19171
19171
19171
19171
19171
19171
19171
19171
19171
19171
19171
19171
19171
19171
19171
19171
19171
19171
19171
19171
19171
19171
19171
19171
19171
19171
19171
19171
19171
19171
19171
19171
19171
19171
19171
19171
19171
19171
19171
19171
Record: 19171
Time 0.439364
