28064
28204
27960
27926
27888
28007
27998
27944
27968
27921
27995
27918
28132
27878
27935
28051
27985
28034
28179
28048
28018
27985
28077
28066
27993
28102
28104
28191
27918
27944
28124
27980
28153
28004
27936
28101
27945
28136
28113
28204
27974
28026
28120
27875
28193
27928
28026
28018
28100
27894
27945
28020
27980
28048
27927
28142
27994
27823
28066
28096
28139
27956
28044
28068
27906
27806
27992
27957
27930
27986
28140
28029
28105
27794
28018
28158
28105
27955
27945
28112
28051
28144
27994
28112
28141
28059
27971
28034
27924
27975
28089
28058
27978
28066
28077
28105
28056
27866
28139
28105
Record: 28024.1
Time 14.571522
