44006
44007
44008
43985
43995
43997
43989
43999
43988
44002
44010
43997
44020
44015
43995
44006
43988
43982
43987
43995
43988
44008
43967
44002
43990
43989
43987
43976
43994
44012
43992
43980
43995
44016
43975
43997
43994
44014
44020
43985
43985
44005
43993
43964
44002
44014
43997
44014
43993
44003
43991
44004
43998
43998
43977
43996
43996
44007
43973
44017
44004
43997
44025
44004
44003
44023
43992
43997
44012
43979
43972
43993
43999
44003
43992
44012
44009
43975
43976
44017
43985
44006
44001
43960
43963
43992
44002
43982
43999
43988
44004
44002
43974
44007
43980
43999
43977
43989
43991
44009
44006
43990
43980
44007
43990
43975
43996
44006
44003
44009
43992
44006
44020
43993
44012
44002
43990
44013
43986
43987
44000
43993
44011
44007
44011
44026
43966
44030
44005
44001
43989
43994
44011
43984
43987
44025
43990
43973
43983
44000
43991
43997
44008
43995
44007
43985
43976
43963
43976
43984
44009
43973
43991
43987
43998
43989
44012
43990
43991
44027
44002
44001
44021
44000
44003
44016
44015
43980
44006
44013
43978
43987
43988
44011
44000
44010
44001
44005
44001
44006
44006
44002
44015
44001
43997
43995
44017
43981
44019
44006
43988
44009
43980
43986
43992
43982
44004
43995
43984
44001
43996
43995
44015
44015
43992
43985
43983
43990
43987
43998
44016
44025
44001
44015
43991
44018
43982
44029
43997
44010
43980
43991
44011
43973
43976
44009
43999
43998
43981
43996
43997
43997
44017
44012
43985
44011
44010
43955
43975
43993
43998
44014
44009
44024
43966
43981
43993
43998
43978
43990
43978
44003
44004
44009
43991
43993
43977
43989
44010
43967
44003
44023
43995
43995
44000
43997
43983
44013
43976
44007
44000
43994
43996
44011
44028
44003
44000
44013
44008
43990
43989
43973
44001
44012
43997
43993
44011
43975
44012
44002
44008
43993
44001
43982
44011
44012
43993
43980
43998
44012
44021
44005
43984
44001
43989
43999
44010
43996
44001
43966
43995
44004
44005
44000
44010
44016
43999
43997
44006
44000
43996
43998
43973
44013
43990
43985
43997
43991
44024
43987
44001
43987
43980
43999
43985
43994
44002
44008
43995
43997
44001
44012
43996
44016
43968
43981
43992
43981
44009
43984
43969
43966
44003
43997
43971
43994
44001
43986
43985
43991
43981
43999
44002
43980
43978
43974
44014
43984
43986
44004
43978
43982
44009
44002
44003
44009
44012
43998
43995
43982
43968
44018
43992
43989
44007
43989
43975
44006
43985
43992
44029
43988
44009
44019
43999
43991
43997
43998
44002
43985
44000
43979
43985
44005
44001
44007
43998
44023
43985
44022
44009
43995
43998
43970
44018
43981
44011
44014
43995
44016
43991
44009
44021
43988
43995
44016
44005
43989
43988
43986
43985
44008
44019
44012
44037
44000
44004
43999
43980
44001
43984
44004
43981
43984
43978
43998
43995
44007
43999
43962
43989
44027
44001
44025
44022
44015
44013
43991
43992
43996
43994
44000
43996
44021
43999
43989
43971
44016
43991
43998
44006
43991
43988
43979
44015
44008
43995
44016
43991
43977
43987
43984
44007
43987
43986
44008
44000
44025
44005
44009
43980
43982
43978
43995
44006
43975
43973
44009
43995
43967
43998
43988
43989
44017
44002
43977
43990
43991
44009
43985
43987
44004
43989
44018
43972
43998
44000
43970
44021
43997
44000
44009
43997
43983
44033
43977
43999
43997
43975
44021
44023
43986
43986
44023
44011
44006
44018
43995
44006
44006
43969
43992
43992
43965
44019
43972
43994
43972
43981
43988
43996
43987
44008
43994
43982
44009
43990
44000
44013
43993
43967
44017
44021
44018
43983
43988
44004
43992
43983
44035
43984
43989
43970
44014
43989
43983
43997
44008
43992
43977
44020
43991
44015
43955
43994
43991
43992
43990
44029
44035
43985
43996
44002
44008
43998
44008
43999
43997
43973
43975
43995
44012
44008
43985
43982
43981
43973
43997
43991
43994
44001
43981
43983
44001
44003
44001
44026
44000
44003
44006
44020
44001
43980
43962
43990
43996
43992
43989
44005
44004
43979
44029
43993
43996
43966
43981
44005
43990
44007
43995
44028
44002
43998
44008
43998
44019
43987
43978
43984
43989
43992
44024
43982
43984
43988
44019
44020
44008
43981
44010
43998
43972
43999
43991
43981
43974
44009
43990
44002
43975
43995
44006
44005
44009
43992
44004
44003
43986
44007
44013
43973
43960
44019
44006
44003
44005
44001
44025
43990
44010
44006
43995
43994
44007
43976
44011
43983
43989
44010
44008
44012
43977
44000
43984
43981
43998
44004
44013
43982
43978
43988
43993
43995
44018
43982
44014
44005
43990
44001
44025
44015
43994
43984
44012
43977
43982
43988
43981
43977
43979
44004
44010
43982
44000
43995
43992
44021
43998
43997
44004
43959
44002
43973
44008
43992
43981
43976
43999
43988
44005
44008
44009
43991
43993
43991
43981
43987
43987
43989
43994
43988
44000
43984
43980
43982
44002
44013
44000
44013
43997
44001
44023
44016
43985
44018
44002
44025
44000
44011
43989
44007
43979
43984
44009
44007
43996
44008
44008
44012
43993
43988
44015
43997
44010
43975
43991
43988
43981
44007
43997
43980
43994
43989
44017
44010
44008
43980
44005
43981
43974
44016
43977
43981
43979
43999
43982
43986
43998
44008
43998
44023
44011
43984
43991
44008
43994
43991
43978
43981
43990
43987
43976
43993
43981
43999
43994
43972
43986
44001
43956
43968
43985
43976
44021
44007
43996
43985
43996
43958
43968
43995
43993
43971
43966
43968
43988
43998
43972
44007
43984
44002
44008
43991
44031
44007
43987
44011
43979
43998
43978
43987
43984
43981
44029
44010
43996
44015
43979
44000
43982
43984
43966
43984
43996
43994
43985
43997
44022
43993
43994
43997
44021
44001
43988
44001
44010
44007
43989
43979
43997
44011
44023
43990
43991
43982
43967
43992
44008
43990
43982
43972
44005
43986
43996
43989
43980
44004
43996
44005
43984
44005
44007
43977
43983
43998
43981
44005
44000
44000
44002
43977
43992
44011
43987
44002
44002
43984
43993
44007
43992
43968
44004
44007
44002
44022
43982
43986
43978
43991
43987
44002
43986
43990
43993
43993
44004
43965
44027
44016
44000
43988
43992
44004
43988
43998
44001
43989
44014
43986
43997
43993
44021
43991
43992
43976
44013
44037
44001
43993
44012
44013
43979
43996
44004
44014
43998
43957
43988
43997
43972
43986
43996
44005
43981
43996
43998
43986
43967
43975
44003
Record: 43996.1
Time 48.655183
