12203
12203
12203
12386
12386
12711
12711
12711
12746
12871
13132
13132
13132
13132
13202
13211
13276
13283
13283
13333
13541
13541
13541
13607
13607
13674
13763
13763
13763
13763
13770
13778
13784
13784
13839
13842
13855
13855
13855
13855
13943
13982
13982
13982
14007
14007
14029
14029
14030
14048
14048
14048
14165
14165
14182
14182
14187
14187
14193
14209
14209
14209
14209
14209
14209
14209
14209
14209
14209
14209
14209
14209
14209
14209
14209
14209
14209
14209
14209
14209
14209
14209
14209
14209
14209
14209
14209
14209
14209
14209
14209
14209
14209
14209
14209
14209
14209
14209
14209
14209
14209
14209
14209
14209
14209
14209
14209
14209
14209
14209
14209
14209
14209
14209
14209
14209
14209
14209
14209
14209
14209
14209
14209
14209
14209
14209
14209
14209
14209
14209
14209
14209
14209
14209
14209
14209
14209
14209
14209
14209
14209
14209
14209
14209
14209
14209
14209
14209
14209
14209
14209
14209
14209
14209
14209
14209
14209
14209
14209
14209
14209
14209
14209
14209
14209
14209
14209
14209
14209
14209
14209
14209
14209
14209
14209
14209
14209
14209
14209
14209
14209
14209
14209
14209
14209
14209
14209
14209
14209
14209
14209
14209
14209
14209
14209
14209
14209
14209
14209
14209
14209
14209
14209
14209
14209
14209
14209
14209
14209
14209
14209
14209
14209
14209
14209
14209
14209
14209
14209
14209
14209
14209
14209
14209
14209
14209
14209
14209
14209
14209
14209
14209
14209
14209
14209
14209
14209
14209
14209
14209
14209
14209
14209
14209
14209
14209
14209
14209
14209
14209
14209
14209
14209
14209
14209
14209
14209
14209
14209
14209
14209
14209
14209
14209
14209
14209
14209
14209
14209
14209
14209
14209
14209
14209
14209
14209
14209
14209
14209
14209
14209
14209
14209
14209
14209
14209
14209
14209
14209
14209
14209
14209
14209
14209
14209
14209
14209
14209
14209
14209
14209
14209
14209
14209
14209
14209
14209
14209
14209
14209
14209
14209
14209
14209
14209
14209
14209
14209
14209
14209
14209
14209
14209
14209
14209
14209
14209
14209
14209
14209
14209
14209
14209
14209
14209
14209
14209
14209
14209
14209
14209
14209
14209
14209
14209
14209
14209
14209
14209
14209
14209
14209
14209
14209
14209
14209
14209
14209
14209
14209
14209
14209
14209
14209
14209
14209
14209
14209
14209
14209
14209
14209
14209
14209
14209
14209
14209
14209
14209
14209
14209
14209
14209
14209
14209
14209
14209
14209
14209
14209
14209
14209
14209
14209
14209
14209
14209
14209
14209
14209
14209
14209
Record: 14209
Time 1.521781
