43656
43656
43656
43656
43679
43688
43688
43688
43697
43723
43723
43736
43753
43753
43768
43773
43785
43785
43799
43804
43804
43804
43804
43815
43815
43815
43815
43815
43815
43819
43819
43819
43821
43821
43821
43821
43821
43829
43829
43829
43829
43829
43829
43829
43829
43829
43829
43829
43829
43829
43829
43829
43829
43829
43829
43829
43829
43829
43829
43829
43829
43829
43829
43829
43829
43829
43829
43829
43829
43829
43829
43829
43829
43829
43829
43829
43829
43829
43829
43829
43829
43829
43829
43829
43829
43829
43829
43829
43829
43829
43829
43829
43829
43829
43829
43829
43829
43829
43829
43829
43829
43829
43829
43829
43829
43829
43829
43829
43829
43829
43829
43829
43829
43829
43829
43829
43829
43829
43829
43829
43829
43829
43829
43829
43829
43829
43829
43829
43829
43829
43829
43829
43829
43829
43829
43829
43829
43829
43829
43829
43829
43829
43829
43829
43829
43829
43829
43829
43829
43829
43829
43829
43829
43829
43829
43829
43829
43829
43829
43829
43829
43829
43829
43829
43829
43829
43829
43829
43829
43829
43829
43829
43829
43829
43829
43829
43829
43829
43829
43829
43829
43829
43829
43829
43829
43829
43829
43829
43829
43829
43829
43829
43829
43829
43829
43829
43829
43829
43829
43829
43829
43829
43829
43829
43829
43829
43829
43829
43829
43829
43829
43829
43829
43829
43829
43829
43829
43829
43829
43829
43829
43829
43829
43829
43829
43829
43829
43829
43829
43829
43829
43829
43829
43829
43829
43829
43829
43829
43829
43829
43829
43829
43829
43829
43829
43829
43829
43829
43829
43829
43829
43829
43829
43829
43829
43829
43829
43829
43829
43829
43829
43829
43829
43829
43829
43829
43829
43829
43829
43829
43829
43829
43829
43829
43829
43829
43829
43829
43829
43829
43829
43829
43829
43829
43829
43829
43829
43829
43829
43829
43829
43829
43829
43829
43829
43829
43829
43829
43829
43829
43829
43829
43829
43829
43829
43829
43829
43829
43829
43829
43829
43829
43829
43829
43829
43829
43829
43829
43829
43829
43829
43829
43829
43829
43829
43829
43829
43829
43829
43829
43829
43829
43829
43829
43829
43829
43829
43829
43829
43829
43829
43829
43829
43829
43829
43829
43829
43829
43829
43829
43829
43829
43829
43829
43829
43829
43829
43829
43829
43829
43829
43829
43829
43829
43829
43829
43829
43829
43829
43829
43829
43829
43829
43829
43829
43829
43829
43829
43829
43829
43829
43829
43829
43829
43829
43829
43829
43829
43829
43829
43829
43829
43829
43829
43829
43829
43829
43829
43829
43829
43829
43829
Record: 43829
Time 0.746781
