4692
4692
4692
Generation 1 of 100
5022
Generation 2 of 100
5029
Generation 3 of 100
5029
Generation 4 of 100
5029
Generation 5 of 100
5065
Generation 6 of 100
5067
Generation 7 of 100
5067
Generation 8 of 100
5067
Generation 9 of 100
5067
Generation 10 of 100
5169
Generation 11 of 100
5169
Generation 12 of 100
5169
Generation 13 of 100
5169
Generation 14 of 100
5171
Generation 15 of 100
5201
Generation 16 of 100
5201
Generation 17 of 100
5226
Generation 18 of 100
5226
Generation 19 of 100
5345
Generation 20 of 100
5345
Generation 21 of 100
5345
Generation 22 of 100
5345
Generation 23 of 100
5345
Generation 24 of 100
5345
Generation 25 of 100
5367
Generation 26 of 100
5367
Generation 27 of 100
5367
Generation 28 of 100
5448
Generation 29 of 100
5448
Generation 30 of 100
5448
Generation 31 of 100
5448
Generation 32 of 100
5448
Generation 33 of 100
5448
Generation 34 of 100
5448
Generation 35 of 100
5448
Generation 36 of 100
5462
Generation 37 of 100
5462
Generation 38 of 100
5529
Generation 39 of 100
5529
Generation 40 of 100
5529
Generation 41 of 100
5532
Generation 42 of 100
5532
Generation 43 of 100
5556
Generation 44 of 100
5560
Generation 45 of 100
5622
Generation 46 of 100
5622
Generation 47 of 100
5637
Generation 48 of 100
5637
Generation 49 of 100
5643
Generation 50 of 100
5643
Generation 51 of 100
5648
Generation 52 of 100
5648
Generation 53 of 100
5648
Generation 54 of 100
5648
Generation 55 of 100
5655
Generation 56 of 100
5655
Generation 57 of 100
5659
Generation 58 of 100
5688
Generation 59 of 100
5688
Generation 60 of 100
5688
Generation 61 of 100
5703
Generation 62 of 100
5703
Generation 63 of 100
5703
Generation 64 of 100
5703
Generation 65 of 100
5703
Generation 66 of 100
5716
Generation 67 of 100
5716
Generation 68 of 100
5727
Generation 69 of 100
5747
Generation 70 of 100
5747
Generation 71 of 100
5747
Generation 72 of 100
5764
Generation 73 of 100
5764
Generation 74 of 100
5793
Generation 75 of 100
5793
Generation 76 of 100
5793
Generation 77 of 100
5793
Generation 78 of 100
5793
Generation 79 of 100
5793
Generation 80 of 100
5793
Generation 81 of 100
5793
Generation 82 of 100
5793
Generation 83 of 100
5793
Generation 84 of 100
5793
Generation 85 of 100
5793
Generation 86 of 100
5793
Generation 87 of 100
5793
Generation 88 of 100
5795
Generation 89 of 100
5795
Generation 90 of 100
5795
Generation 91 of 100
5795
Generation 92 of 100
5795
Generation 93 of 100
5795
Generation 94 of 100
5795
Generation 95 of 100
5802
Generation 96 of 100
5806
Generation 97 of 100
5806
Generation 98 of 100
5806
Generation 99 of 100
5806
Generation 100 of 100
5806
Best solution found has objective value = 5806
