1817
1801
1839
1864
1886
1853
1801
1836
1824
1850
1835
1873
1812
1845
1799
1838
1828
1815
1873
1845
1816
1834
1827
1829
1801
1812
1850
1827
1825
1816
1844
1817
1835
1835
1808
1823
1886
1775
1833
1846
1817
1846
1817
1837
1839
1819
1805
1827
1829
1795
1830
1867
1823
1825
1864
1808
1837
1845
1860
1833
1844
1827
1801
1873
1817
1827
1802
1875
1813
1850
1843
1852
1825
1847
1866
1830
1830
1857
1820
1886
1847
1846
1828
1814
1829
1824
1790
1819
1837
1846
1852
1839
1833
1819
1809
1822
1826
1886
1798
1868
1821
1856
1845
1815
1839
1873
1840
1886
1836
1851
1851
1849
1852
1841
1847
1853
1838
1851
1849
1816
1894
1848
1816
1807
1809
1799
1838
1838
1828
1866
1841
1819
1817
1805
1841
1842
1833
1829
1801
1809
1814
1812
1873
1845
1815
1868
1860
1801
1848
1796
1801
1849
1828
1819
1886
1824
1832
1798
1814
1888
1834
1830
1886
1813
1796
1850
1836
1816
1828
1839
1860
1832
1839
1829
1829
1846
1812
1827
1828
1849
1780
1823
1857
1796
1871
1835
1850
1795
1832
1804
1848
1858
1832
1809
1829
1824
1826
1851
1835
1837
1822
1830
1816
1866
1805
1815
1869
1837
1828
1824
1817
1833
1815
1804
1847
1839
1794
1815
1811
1821
1847
1823
1825
1823
1864
1823
1776
1839
1847
1833
1839
1832
1820
1843
1843
1810
1871
1801
1841
1828
1829
1813
1830
1832
1802
1818
1847
1817
1864
1808
1854
1846
1852
1848
1853
1790
1872
1835
1839
1834
1846
1870
1806
1826
1873
1845
1875
1819
1829
1830
1835
1839
1840
1786
1816
1837
1852
1813
1852
1825
1850
1860
1803
1840
1837
1864
1823
1845
1888
1823
1819
1837
1840
1834
1823
1811
1823
1831
1843
1821
1832
1839
1838
1864
1870
1845
1859
1805
1798
1834
1828
1844
1822
1843
1814
1825
1836
1836
1854
1864
1816
1790
1797
1825
1864
1851
1828
1784
1839
1813
1819
1820
1825
1838
1836
1886
1843
1872
1822
1856
1805
1806
1877
1837
1826
1848
1871
1833
1822
1789
1846
1808
1817
1840
1844
1844
1864
1816
1846
1819
1820
1830
1824
1835
1808
1813
1861
1839
1825
1832
1833
1856
1814
1817
1840
1837
1828
1818
1818
1803
1844
1780
1805
1886
1853
1813
1808
1886
1849
1877
1815
1838
1858
1823
1836
1806
1799
1803
1864
1809
1809
1861
1861
1819
1839
1849
1819
1886
1836
1849
1803
1802
1802
1886
1803
1861
1822
1808
1851
1857
1811
1814
1827
1829
1844
1815
1810
1826
1792
1850
1831
1813
1864
1815
1820
1877
1824
1802
1834
1870
1847
1813
1840
1843
1806
1843
1836
1868
1845
1825
1873
1805
1804
1834
1828
1822
1843
1812
1888
1821
1822
1842
1834
1830
1824
1827
1844
1808
1857
1829
1776
1824
1791
1851
1849
1877
1826
1846
1815
1843
1816
1794
1832
1837
1848
1837
1825
1848
1851
1833
1822
1831
1830
1852
1827
1823
1850
1818
1820
1815
1819
1793
1856
1825
1823
1825
1822
1873
1846
1886
1832
1832
1855
1838
1839
1822
1833
1855
1847
1886
1829
1823
1845
1839
1890
1815
1849
1847
1791
1890
1819
1820
1827
1825
1847
1826
1836
1843
1809
1800
1845
1833
1868
1849
1851
1837
1846
1816
1836
1812
1829
1804
1837
1849
1814
1835
1808
1886
1866
1826
1822
1808
1824
1829
1840
1826
1847
1795
1830
1791
1846
1849
1823
1817
1837
1815
1810
1834
1845
1837
1846
1788
1855
1852
1832
1860
1813
1800
1852
1835
1828
1844
1777
1803
1864
1855
1828
1792
1866
1846
1827
1840
1820
1851
1811
1782
1833
1847
1852
1838
1831
1804
1851
1806
1845
1840
1818
1808
1830
1819
1787
1812
1836
1841
1833
1840
1856
1813
1823
1817
1810
1824
1837
1834
1857
1847
1888
1877
1856
1803
1839
1858
1845
1848
1837
1852
1794
1819
1864
1837
1851
1827
1799
1886
1847
1822
1836
1820
1841
1809
1837
1806
1877
1863
1822
1813
1864
1860
1790
1842
1821
1851
1820
1816
1825
1831
1828
1818
1826
1854
1844
1838
1864
1817
1851
1830
1832
1857
1823
1833
1850
1846
1855
1822
1864
1820
1824
1788
1849
1886
1811
1831
1812
1886
1787
1794
1825
1840
1833
1842
1856
1844
1842
1794
1870
1818
1834
1819
1802
1811
1844
1812
1816
1807
1852
1843
1835
1871
1823
1822
1854
1804
1858
1871
1837
1849
1803
1819
1856
1832
1809
1850
1828
1804
1821
1886
1819
1811
1834
1829
1843
1846
1794
1800
1838
1836
1845
1886
1861
1833
1808
1811
1849
1829
1806
1820
1814
1839
1810
1818
1827
1826
1822
1829
1803
1816
1849
1840
1852
1816
1894
1851
1808
1873
1850
1811
1818
1799
1807
1873
1864
1821
1852
1817
1810
1877
1824
1850
1820
1837
1824
1839
1859
1850
1818
1831
1841
1836
1839
1814
1851
1826
1828
1787
1860
1808
1825
1871
1868
1852
1826
1843
1802
1817
1819
1805
1826
1857
1821
1818
1886
1818
1839
1870
1829
1835
1852
1830
1816
1824
1838
1826
1841
1811
1856
1870
1849
1847
1886
1836
1782
1812
1837
1821
1820
1858
1822
1804
1834
1821
1888
1808
1820
1810
1817
1870
1843
1830
1834
1870
1839
1827
1852
1839
1851
1811
1794
1852
1873
1838
1832
1858
1837
1817
1844
1825
1804
1849
1851
1829
1814
1835
1797
1842
1829
1824
1866
1894
1844
1851
1866
1830
1777
1814
1877
1799
1787
1821
1836
1815
1837
1805
1847
1850
1888
1837
1832
1852
1823
1845
1836
1803
1837
1808
1822
1854
1888
1820
1816
1846
1847
1848
1808
1860
1806
1886
1828
1850
1832
1846
1852
1838
1820
1834
1861
1850
1871
1866
1844
1857
1870
1804
1852
1843
1837
1822
1849
1886
1792
1809
1840
1871
1819
1849
1873
1847
1809
1822
1888
1827
1840
1802
1811
1826
1831
1846
1888
1802
1809
1830
1886
1810
1827
1808
1797
1834
1844
1827
1824
1842
1833
1844
1784
1836
1835
1844
1865
1837
1841
1851
Record: 1833.6
Time 20.157219
