4697
4697
4697
Generation 1 of 100
4765
Generation 2 of 100
4791
Generation 3 of 100
4834
Generation 4 of 100
4834
Generation 5 of 100
4863
Generation 6 of 100
4918
Generation 7 of 100
4918
Generation 8 of 100
4918
Generation 9 of 100
4918
Generation 10 of 100
4918
Generation 11 of 100
4936
Generation 12 of 100
4936
Generation 13 of 100
4986
Generation 14 of 100
5030
Generation 15 of 100
5083
Generation 16 of 100
5083
Generation 17 of 100
5083
Generation 18 of 100
5083
Generation 19 of 100
5083
Generation 20 of 100
5083
Generation 21 of 100
5083
Generation 22 of 100
5107
Generation 23 of 100
5112
Generation 24 of 100
5144
Generation 25 of 100
5169
Generation 26 of 100
5169
Generation 27 of 100
5169
Generation 28 of 100
5188
Generation 29 of 100
5193
Generation 30 of 100
5193
Generation 31 of 100
5261
Generation 32 of 100
5261
Generation 33 of 100
5261
Generation 34 of 100
5261
Generation 35 of 100
5267
Generation 36 of 100
5297
Generation 37 of 100
5320
Generation 38 of 100
5338
Generation 39 of 100
5372
Generation 40 of 100
5372
Generation 41 of 100
5372
Generation 42 of 100
5372
Generation 43 of 100
5372
Generation 44 of 100
5372
Generation 45 of 100
5394
Generation 46 of 100
5394
Generation 47 of 100
5405
Generation 48 of 100
5405
Generation 49 of 100
5405
Generation 50 of 100
5405
Generation 51 of 100
5405
Generation 52 of 100
5406
Generation 53 of 100
5406
Generation 54 of 100
5406
Generation 55 of 100
5408
Generation 56 of 100
5408
Generation 57 of 100
5408
Generation 58 of 100
5414
Generation 59 of 100
5414
Generation 60 of 100
5426
Generation 61 of 100
5426
Generation 62 of 100
5426
Generation 63 of 100
5426
Generation 64 of 100
5428
Generation 65 of 100
5428
Generation 66 of 100
5428
Generation 67 of 100
5428
Generation 68 of 100
5441
Generation 69 of 100
5441
Generation 70 of 100
5441
Generation 71 of 100
5441
Generation 72 of 100
5441
Generation 73 of 100
5441
Generation 74 of 100
5441
Generation 75 of 100
5441
Generation 76 of 100
5441
Generation 77 of 100
5441
Generation 78 of 100
5441
Generation 79 of 100
5441
Generation 80 of 100
5441
Generation 81 of 100
5441
Generation 82 of 100
5441
Generation 83 of 100
5441
Generation 84 of 100
5441
Generation 85 of 100
5441
Generation 86 of 100
5441
Generation 87 of 100
5441
Generation 88 of 100
5441
Generation 89 of 100
5441
Generation 90 of 100
5441
Generation 91 of 100
5441
Generation 92 of 100
5441
Generation 93 of 100
5441
Generation 94 of 100
5441
Generation 95 of 100
5447
Generation 96 of 100
5447
Generation 97 of 100
5447
Generation 98 of 100
5447
Generation 99 of 100
5447
Generation 100 of 100
5447
Best solution found has objective value = 5447
