4593
4593
4594
4592
4588
4593
4593
4593
4593
4593
4591
4593
4592
4593
4593
4593
4585
4591
4592
4592
4593
4591
4593
4594
4593
4591
4591
4593
4587
4592
4593
4593
4593
4593
4588
4588
4588
4593
4593
4587
4593
4593
4593
4592
4591
4593
4589
4593
4593
4593
4593
4592
4593
4593
4593
4587
4593
4593
4593
4593
4588
4593
4591
4593
4593
4591
4593
4586
4592
4593
4592
4593
4593
4586
4593
4593
4593
4592
4588
4593
4592
4593
4592
4592
4593
4593
4592
4592
4593
4592
4588
4593
4593
4593
4592
4593
4594
4593
4593
4593
Record: 4591.91
Time 6.155187
