2209
2209
2209
Generation 1 of 100
2335
Generation 2 of 100
2335
Generation 3 of 100
2352
Generation 4 of 100
2361
Generation 5 of 100
2361
Generation 6 of 100
2382
Generation 7 of 100
2382
Generation 8 of 100
2393
Generation 9 of 100
2393
Generation 10 of 100
2393
Generation 11 of 100
2403
Generation 12 of 100
2403
Generation 13 of 100
2403
Generation 14 of 100
2418
Generation 15 of 100
2419
Generation 16 of 100
2426
Generation 17 of 100
2459
Generation 18 of 100
2523
Generation 19 of 100
2523
Generation 20 of 100
2523
Generation 21 of 100
2523
Generation 22 of 100
2531
Generation 23 of 100
2531
Generation 24 of 100
2536
Generation 25 of 100
2536
Generation 26 of 100
2543
Generation 27 of 100
2550
Generation 28 of 100
2553
Generation 29 of 100
2579
Generation 30 of 100
2635
Generation 31 of 100
2635
Generation 32 of 100
2635
Generation 33 of 100
2635
Generation 34 of 100
2635
Generation 35 of 100
2635
Generation 36 of 100
2635
Generation 37 of 100
2635
Generation 38 of 100
2635
Generation 39 of 100
2635
Generation 40 of 100
2675
Generation 41 of 100
2675
Generation 42 of 100
2675
Generation 43 of 100
2675
Generation 44 of 100
2689
Generation 45 of 100
2689
Generation 46 of 100
2689
Generation 47 of 100
2690
Generation 48 of 100
2690
Generation 49 of 100
2690
Generation 50 of 100
2698
Generation 51 of 100
2698
Generation 52 of 100
2698
Generation 53 of 100
2698
Generation 54 of 100
2698
Generation 55 of 100
2698
Generation 56 of 100
2713
Generation 57 of 100
2713
Generation 58 of 100
2713
Generation 59 of 100
2713
Generation 60 of 100
2713
Generation 61 of 100
2713
Generation 62 of 100
2713
Generation 63 of 100
2713
Generation 64 of 100
2713
Generation 65 of 100
2713
Generation 66 of 100
2713
Generation 67 of 100
2713
Generation 68 of 100
2713
Generation 69 of 100
2713
Generation 70 of 100
2713
Generation 71 of 100
2713
Generation 72 of 100
2713
Generation 73 of 100
2713
Generation 74 of 100
2713
Generation 75 of 100
2713
Generation 76 of 100
2713
Generation 77 of 100
2713
Generation 78 of 100
2713
Generation 79 of 100
2713
Generation 80 of 100
2713
Generation 81 of 100
2713
Generation 82 of 100
2713
Generation 83 of 100
2713
Generation 84 of 100
2713
Generation 85 of 100
2713
Generation 86 of 100
2713
Generation 87 of 100
2713
Generation 88 of 100
2714
Generation 89 of 100
2714
Generation 90 of 100
2714
Generation 91 of 100
2714
Generation 92 of 100
2714
Generation 93 of 100
2714
Generation 94 of 100
2714
Generation 95 of 100
2714
Generation 96 of 100
2714
Generation 97 of 100
2714
Generation 98 of 100
2714
Generation 99 of 100
2714
Generation 100 of 100
2714
Best solution found has objective value = 2714
