19043
19043
19043
19114
19122
19122
19122
19122
19122
19135
19135
19135
19135
19141
19143
19146
19154
19169
19169
19169
19169
19169
19170
19170
19170
19182
19182
19187
19190
19192
19192
19192
19203
19203
19205
19206
19210
19210
19215
19215
19215
19216
19216
19216
19217
19217
19217
19217
19219
19221
19221
19221
19225
19227
19227
19227
19227
19227
19227
19227
19227
19227
19227
19227
19227
19227
19227
19227
19227
19227
19227
19227
19227
19227
19227
19227
19227
19227
19227
19227
19227
19227
19227
19227
19227
19227
19227
19227
19227
19227
19227
19227
19227
19227
19227
19227
19227
19227
19227
19227
19227
19227
19227
19227
19227
19227
19227
19227
19227
19227
19227
19227
19227
19227
19227
19227
19227
19227
19227
19227
19227
19227
19227
19227
19227
19227
19227
19227
19227
19227
19227
19227
19227
19227
19228
19228
19228
19228
19228
19228
19228
19229
19229
19229
19229
19229
19229
19229
19230
19230
19230
19230
19230
19230
19234
19234
19234
19234
19234
19234
19234
19234
19234
19234
19234
19234
19234
19234
19234
19234
19234
19234
19234
19234
19234
19234
19234
19234
19234
19234
19234
19234
19234
19234
19234
19234
19234
19234
19234
19234
19234
19234
19234
19234
19234
19234
19234
19234
19234
19234
19234
19234
19234
19234
19234
19234
19234
19234
19234
19234
19234
19234
19234
19234
19234
19234
19234
19234
19234
19234
19234
19234
19234
19234
19234
19234
19234
19234
19234
19234
19234
19234
19234
19234
19234
19234
19234
19234
19234
19234
19234
19234
19234
19234
19234
19234
19234
19234
19234
19234
19234
19234
19234
19234
19234
19234
19234
19234
19234
19234
19234
19234
19234
19234
19234
19234
19234
19234
19234
19234
19234
19234
19234
19234
19234
19234
19234
19234
19234
19234
19234
19234
19234
19234
19234
19234
19234
19234
19234
19234
19234
19234
19234
19234
19234
19234
19234
19234
19234
19234
19234
19234
19234
19234
19234
19234
19234
19234
19234
19234
19234
19234
19234
19234
19234
19234
19234
19234
19234
19234
19234
19234
19234
19234
19234
19234
19234
19234
19234
19234
19234
19234
19234
19234
19234
19234
19234
19234
19234
19234
19234
19234
19234
19234
19234
19234
19234
19234
19234
19234
19234
19234
19234
19234
19234
19234
19234
19234
19234
19234
19234
19234
19234
19234
19234
19234
19234
19234
19234
19234
19234
19234
19234
19234
19234
19234
19234
19234
19234
19234
19234
19234
19234
19234
19234
19234
19234
19234
19234
19234
19234
19234
19234
19234
19234
19234
19234
19234
19234
19234
19234
19234
Record: 19234
Time 1.652935
