4785
4785
4785
Generation 1 of 100
5080
Generation 2 of 100
5080
Generation 3 of 100
5116
Generation 4 of 100
5116
Generation 5 of 100
5116
Generation 6 of 100
5128
Generation 7 of 100
5128
Generation 8 of 100
5148
Generation 9 of 100
5222
Generation 10 of 100
5222
Generation 11 of 100
5222
Generation 12 of 100
5222
Generation 13 of 100
5222
Generation 14 of 100
5222
Generation 15 of 100
5283
Generation 16 of 100
5283
Generation 17 of 100
5283
Generation 18 of 100
5311
Generation 19 of 100
5311
Generation 20 of 100
5311
Generation 21 of 100
5311
Generation 22 of 100
5311
Generation 23 of 100
5311
Generation 24 of 100
5320
Generation 25 of 100
5320
Generation 26 of 100
5323
Generation 27 of 100
5384
Generation 28 of 100
5384
Generation 29 of 100
5384
Generation 30 of 100
5386
Generation 31 of 100
5398
Generation 32 of 100
5453
Generation 33 of 100
5453
Generation 34 of 100
5461
Generation 35 of 100
5461
Generation 36 of 100
5496
Generation 37 of 100
5496
Generation 38 of 100
5536
Generation 39 of 100
5560
Generation 40 of 100
5560
Generation 41 of 100
5588
Generation 42 of 100
5588
Generation 43 of 100
5588
Generation 44 of 100
5588
Generation 45 of 100
5595
Generation 46 of 100
5692
Generation 47 of 100
5692
Generation 48 of 100
5692
Generation 49 of 100
5692
Generation 50 of 100
5692
Generation 51 of 100
5692
Generation 52 of 100
5692
Generation 53 of 100
5692
Generation 54 of 100
5692
Generation 55 of 100
5702
Generation 56 of 100
5702
Generation 57 of 100
5702
Generation 58 of 100
5719
Generation 59 of 100
5719
Generation 60 of 100
5736
Generation 61 of 100
5736
Generation 62 of 100
5736
Generation 63 of 100
5748
Generation 64 of 100
5748
Generation 65 of 100
5748
Generation 66 of 100
5748
Generation 67 of 100
5748
Generation 68 of 100
5748
Generation 69 of 100
5764
Generation 70 of 100
5770
Generation 71 of 100
5770
Generation 72 of 100
5770
Generation 73 of 100
5770
Generation 74 of 100
5780
Generation 75 of 100
5780
Generation 76 of 100
5783
Generation 77 of 100
5783
Generation 78 of 100
5783
Generation 79 of 100
5799
Generation 80 of 100
5799
Generation 81 of 100
5799
Generation 82 of 100
5799
Generation 83 of 100
5799
Generation 84 of 100
5799
Generation 85 of 100
5799
Generation 86 of 100
5799
Generation 87 of 100
5799
Generation 88 of 100
5811
Generation 89 of 100
5811
Generation 90 of 100
5811
Generation 91 of 100
5815
Generation 92 of 100
5815
Generation 93 of 100
5815
Generation 94 of 100
5815
Generation 95 of 100
5815
Generation 96 of 100
5815
Generation 97 of 100
5815
Generation 98 of 100
5815
Generation 99 of 100
5815
Generation 100 of 100
5815
Best solution found has objective value = 5815
