2321
2321
2321
Generation 1 of 100
2373
Generation 2 of 100
2373
Generation 3 of 100
2373
Generation 4 of 100
2441
Generation 5 of 100
2441
Generation 6 of 100
2441
Generation 7 of 100
2441
Generation 8 of 100
2446
Generation 9 of 100
2477
Generation 10 of 100
2477
Generation 11 of 100
2482
Generation 12 of 100
2500
Generation 13 of 100
2526
Generation 14 of 100
2526
Generation 15 of 100
2526
Generation 16 of 100
2527
Generation 17 of 100
2539
Generation 18 of 100
2567
Generation 19 of 100
2582
Generation 20 of 100
2582
Generation 21 of 100
2586
Generation 22 of 100
2586
Generation 23 of 100
2586
Generation 24 of 100
2586
Generation 25 of 100
2586
Generation 26 of 100
2618
Generation 27 of 100
2618
Generation 28 of 100
2618
Generation 29 of 100
2618
Generation 30 of 100
2624
Generation 31 of 100
2628
Generation 32 of 100
2628
Generation 33 of 100
2628
Generation 34 of 100
2634
Generation 35 of 100
2651
Generation 36 of 100
2651
Generation 37 of 100
2651
Generation 38 of 100
2651
Generation 39 of 100
2651
Generation 40 of 100
2651
Generation 41 of 100
2651
Generation 42 of 100
2651
Generation 43 of 100
2651
Generation 44 of 100
2651
Generation 45 of 100
2660
Generation 46 of 100
2660
Generation 47 of 100
2660
Generation 48 of 100
2660
Generation 49 of 100
2660
Generation 50 of 100
2660
Generation 51 of 100
2660
Generation 52 of 100
2660
Generation 53 of 100
2660
Generation 54 of 100
2661
Generation 55 of 100
2661
Generation 56 of 100
2661
Generation 57 of 100
2661
Generation 58 of 100
2661
Generation 59 of 100
2661
Generation 60 of 100
2663
Generation 61 of 100
2663
Generation 62 of 100
2663
Generation 63 of 100
2663
Generation 64 of 100
2663
Generation 65 of 100
2663
Generation 66 of 100
2663
Generation 67 of 100
2663
Generation 68 of 100
2663
Generation 69 of 100
2663
Generation 70 of 100
2663
Generation 71 of 100
2663
Generation 72 of 100
2663
Generation 73 of 100
2673
Generation 74 of 100
2673
Generation 75 of 100
2673
Generation 76 of 100
2673
Generation 77 of 100
2673
Generation 78 of 100
2673
Generation 79 of 100
2673
Generation 80 of 100
2673
Generation 81 of 100
2673
Generation 82 of 100
2673
Generation 83 of 100
2675
Generation 84 of 100
2675
Generation 85 of 100
2675
Generation 86 of 100
2675
Generation 87 of 100
2675
Generation 88 of 100
2675
Generation 89 of 100
2675
Generation 90 of 100
2675
Generation 91 of 100
2675
Generation 92 of 100
2675
Generation 93 of 100
2675
Generation 94 of 100
2675
Generation 95 of 100
2675
Generation 96 of 100
2675
Generation 97 of 100
2675
Generation 98 of 100
2675
Generation 99 of 100
2675
Generation 100 of 100
2675
Best solution found has objective value = 2675
