2479
2479
2479
2940
2948
3054
3077
3161
3161
3161
3161
3234
3260
3260
3303
3303
3303
3304
3324
3324
3324
3324
3324
3324
3324
3324
3324
3324
3324
3328
3328
3328
3358
3358
3358
3358
3358
3358
3413
3413
3413
3413
3413
3413
3413
3413
3413
3413
3413
3413
3413
3413
3413
3413
3413
3413
3413
3413
3413
3413
3413
3413
3413
3413
3413
3413
3413
3413
3413
3413
3413
3413
3413
3413
3413
3413
3413
3413
3413
3413
3413
3413
3413
3413
3413
3413
3413
3413
3413
3413
3413
3413
3413
3413
3413
3413
3413
3413
3413
3413
3413
3413
3413
3413
3413
3413
3413
3413
3413
3413
3413
3413
3413
3413
3413
3413
3413
3413
3413
3413
3413
3413
3413
3413
3413
3413
3413
3413
3413
3413
3413
3413
3413
3413
3413
3413
3413
3413
3413
3413
3413
3413
3413
3413
3413
3413
3413
3413
3413
3413
3413
3413
3413
3413
3413
3413
3413
3413
3413
3413
3413
3413
3413
3413
3413
3413
3413
3413
3413
3413
3413
3413
3413
3413
3413
3413
3413
3413
3413
3413
3413
3413
3413
3413
3413
3413
3413
3413
3413
3413
3413
3413
3413
3413
3413
3413
3413
3413
3413
3413
3413
3413
3413
3413
3413
3413
3413
3413
3413
3413
3413
3413
3413
3413
3413
3413
3413
3413
3413
3413
3413
3413
3413
3413
3413
3413
3413
3413
3413
3413
3413
3413
3413
3413
3413
3413
3413
3413
3413
3413
3413
3413
3413
3413
3413
3413
3413
3413
3413
3413
3413
3413
3413
3413
3413
3413
3413
3413
3413
3413
3413
3413
3413
3413
3413
3413
3413
3413
3413
3413
3413
3413
3413
3413
3413
3413
3413
3413
3413
3413
3413
3413
3413
3413
3413
3413
3413
3413
3413
3413
3413
3413
3413
3413
3413
3413
3413
3413
3413
3413
3413
3413
3413
3413
3413
3413
3413
3413
3413
3413
3413
3413
3413
3413
3413
3413
3413
3413
3413
3413
3413
3413
3413
3413
3413
3413
3413
3413
3413
3413
3413
3413
3413
3413
3413
3413
3413
3413
3413
3413
3413
3413
3413
3413
3413
3413
3413
3413
3413
3413
3413
3413
3413
3413
3413
3413
3413
3413
3413
3413
3413
3413
3413
3413
3413
3413
3413
3413
3413
3413
3413
3413
3413
3413
3413
3413
3413
3413
3413
3413
3413
3413
3413
3413
3413
3413
3413
3413
3413
3413
3413
3413
3413
3413
3413
3413
3413
3413
3413
3413
3413
3413
Record: 3413
Time 0.883567
