19261
19252
19259
19262
19261
19258
19258
19260
19261
19262
19261
19260
19263
19261
19258
19264
19260
19261
19261
19261
19252
19251
19264
19261
19248
19252
19261
19259
19261
19263
19252
19261
19260
19252
19261
19243
19258
19261
19261
19260
19260
19263
19251
19260
19249
19261
19261
19261
19262
19263
19263
19261
19263
19263
19260
19261
19264
19261
19263
19263
19249
19260
19260
19258
19260
19260
19243
19262
19260
19263
19260
19257
19263
19258
19261
19258
19263
19258
19261
19251
19261
19258
19261
19260
19263
19261
19263
19261
19263
19262
19261
19262
19253
19261
19263
19261
19260
19263
19251
19261
19261
19264
19258
19261
19261
19262
19261
19261
19261
19251
19261
19261
19261
19261
19263
19260
19260
19264
19261
19261
19247
19262
19262
19261
19261
19258
19260
19259
19261
19261
19261
19261
19261
19260
19258
19262
19261
19261
19248
19253
19260
19261
19261
19263
19259
19261
19263
19260
19262
19261
19264
19260
19259
19263
19263
19261
19261
19252
19263
19260
19264
19258
19255
19261
19260
19261
19261
19250
19249
19263
19250
19263
19249
19263
19261
19261
19247
19263
19261
19261
19261
19261
19261
19261
19260
19263
19260
19259
19260
19252
19261
19261
19262
19251
19261
19261
19259
19261
19263
19263
19261
19261
19260
19260
19261
19263
19261
19261
19261
19260
19256
19261
19263
19263
19261
19263
19263
19260
19247
19261
19248
19263
19260
19258
19259
19261
19261
19261
19264
19261
19262
19261
19261
19261
19261
19260
19261
19262
19261
19249
19261
19261
19258
19263
19260
19261
19247
19261
19256
19261
19261
19261
19260
19263
19263
19261
19263
19264
19260
19243
19261
19248
19256
19260
19248
19260
19261
19261
19263
19261
19258
19263
19263
19258
19260
19260
19249
19261
19258
19263
19260
19263
19264
19260
19260
19261
19261
19260
19261
19263
19261
19259
19261
19259
19261
19261
19263
19260
19252
19260
19261
19260
19261
19263
19261
19260
19261
19251
19261
19258
19261
19261
19250
19259
19263
19261
19261
19263
19263
19261
19263
19261
19261
19260
19261
19258
19260
19256
19261
19260
19261
19261
19261
19261
19263
19258
19261
19261
19261
19263
19263
19261
19258
19260
19261
19261
19261
19260
19260
19258
19249
19261
19260
19263
19263
19263
19263
19263
19249
19254
19260
19259
19263
19263
19260
19260
19262
19261
19263
19261
19261
19262
19264
19261
19261
19261
19261
19263
19249
19261
19261
19258
19261
19252
19261
19261
19261
19261
19261
19261
19261
19260
19261
19261
19245
19261
19253
19260
19263
19261
19263
19261
19259
19258
19259
19260
19261
19261
19261
19263
19260
19260
19261
19261
19260
19261
19262
19260
19261
19254
19261
19261
19263
19263
19258
19260
19261
19260
19261
19247
19261
19261
19261
19261
19250
19251
19260
19263
19263
19261
19261
19244
19261
19261
19244
19260
19261
19249
19263
19256
19260
19259
19261
19261
19261
19247
19260
19260
19245
19262
19261
19260
19263
19262
19263
19261
19247
19262
19258
19260
19263
19248
19261
19261
19261
19261
19259
19255
19260
19261
19261
19261
19258
19261
19261
19261
19260
19263
19252
19263
19264
19262
19258
19249
19261
19263
19258
19261
19260
19260
19261
19261
19261
19261
19261
19261
19263
19264
19261
19261
19261
19261
19261
19261
19263
19260
19261
19252
19261
19263
19263
19260
19261
19261
19260
19261
19258
19261
19258
19262
19261
19260
19249
19261
19263
19263
19260
19261
19249
19264
19259
19261
19260
19260
19261
19260
19261
19261
19260
19260
19263
19261
19261
19262
19260
19262
19260
19258
19261
19261
19263
19258
19263
19260
19260
19259
19258
19261
19247
19261
19260
19260
19260
19260
19261
19261
19261
19260
19256
19261
19261
19261
19263
19255
19260
19263
19261
19263
19253
19260
19264
19261
19260
19261
19258
19261
19261
19263
19261
19261
19261
19261
19256
19258
19263
19261
19263
19263
19261
19261
19262
19261
19263
19261
19261
19261
19261
19257
19263
19255
19259
19251
19262
19262
19261
19248
19256
19260
19261
19261
19251
19250
19263
19250
19261
19263
19264
19264
19249
19263
19261
19261
19263
19261
19261
19263
19261
19257
19261
19263
19260
19261
19263
19248
19259
19262
19264
19261
19261
19260
19263
19261
19259
19261
19259
19260
19263
19263
19256
19261
19261
19248
19262
19260
19262
19245
19261
19263
19263
19260
19260
19263
19260
19261
19263
19258
19263
19260
19263
19258
19259
19264
19261
19261
19250
19260
19261
19260
19261
19263
19260
19256
19261
19261
19260
19251
19261
19261
19261
19263
19262
19251
19261
19251
19260
19260
19262
19262
19261
19262
19259
19261
19260
19258
19262
19263
19261
19261
19261
19263
19261
19263
19264
19260
19259
19263
19263
19262
19263
19261
19261
19261
19261
19261
19261
19261
19261
19258
19263
19264
19260
19264
19260
19260
19261
19260
19262
19261
19261
19261
19261
19263
19258
19261
19259
19261
19261
19264
19261
19260
19261
19251
19249
19260
19261
19258
19260
19263
19261
19264
19263
19263
19260
19261
19249
19256
19264
19248
19261
19254
19252
19261
19260
19252
19263
19260
19261
19260
19263
19261
19258
19263
19260
19249
19261
19261
19263
19261
19261
19248
19261
19260
19260
19258
19260
19264
19261
19263
19262
19261
19261
19263
19264
19261
19260
19263
19263
19262
19261
19261
19263
19260
19263
19260
19261
19252
19262
19261
19261
19261
19261
19247
19247
19263
19261
19260
19263
19263
19253
19261
19263
19261
19260
19262
19260
19253
19263
19260
19263
19263
19261
19264
19261
19262
19262
19261
19263
19261
19263
19258
19258
19258
19250
19260
19258
19261
19261
19261
19261
19260
19261
19263
19248
19261
19261
19246
19261
19261
19260
19263
19261
19261
19260
19260
19261
19262
19261
19260
19261
19258
19261
19256
19261
19261
19263
19263
19264
19261
19260
19261
19261
19248
19261
19261
19262
19261
19259
19259
19261
19262
19263
19263
19261
19249
19261
19260
19263
19263
19260
19261
19261
19263
19260
19262
19260
19248
19263
19260
19261
19263
19260
19256
19260
19261
19261
19261
19261
19247
19261
19261
19263
19261
19250
19260
19259
19263
19261
19261
19261
19258
19260
19260
19262
19259
19261
19260
19264
19261
19258
19260
19261
19259
19261
19261
19263
19259
19248
19261
19258
19261
19261
19262
19261
19262
19263
19259
19261
19261
19261
19248
19250
19261
19260
19261
19261
19263
19261
19258
19261
19254
Record: 19259.8
Time 33.784506
