14876
14708
14747
14933
14867
14812
14863
14912
14901
14767
14939
14930
14784
14913
14869
14901
14889
14727
14909
14879
14864
14966
14832
14840
14817
14727
14825
14716
14923
15087
14864
14942
14805
15029
14802
14971
14696
14945
14854
14914
14786
14903
14775
14783
14800
14916
14729
14908
14864
14838
15118
14874
14922
14773
14896
14801
14962
14821
14953
14742
14782
14790
14858
14865
14834
14897
14987
14913
14940
14887
14738
14867
14959
14818
14771
14958
15004
14926
14903
14883
14792
14789
14900
14863
14883
14856
14840
14829
14926
14949
14878
15003
14804
14899
15081
14758
14972
15099
14836
15002
Record: 14872.5
Time 15.361426
