43977
43949
43956
43945
43954
43939
43942
43981
43939
43949
43948
43956
43956
43955
43951
43970
43957
43958
43951
43934
43966
43961
43977
43963
43950
43941
43971
43948
43940
43971
43978
43938
43950
43971
43956
43942
43971
43944
43974
43940
43956
43945
43959
43941
43977
43944
43963
43961
43956
43934
43939
43931
43947
43961
43963
43950
43957
43961
43944
43947
43958
43974
43957
43977
43955
43970
43950
43957
43945
43969
43961
43946
43950
43964
43953
43923
43966
43977
43954
43955
43942
43960
43956
43950
43971
43945
43964
43940
43957
43960
43960
43923
43955
43949
43958
43946
43944
43960
43959
43944
43943
43956
43945
43938
43951
43936
43954
43951
43939
43977
43952
43962
43935
43949
43959
43974
43959
43949
43945
43954
43970
43977
43964
43969
43944
43954
43946
43949
43962
43974
43957
43957
43949
43951
43946
43944
43957
43971
43938
43951
43946
43969
43963
43955
43940
43942
43958
43959
43926
43952
43948
43969
43973
43970
43956
43977
43954
43957
43968
43965
43940
43948
43949
43947
43974
43956
43951
43955
43963
43978
43977
43951
43926
43970
43976
43947
43944
43945
43959
43955
43938
43946
43951
43941
43941
43965
43948
43959
43969
43951
43946
43954
43945
43927
43950
43937
43959
43941
43957
43948
43951
43945
43960
43959
43956
43942
43934
43949
43954
43945
43948
43954
43958
43964
43954
43969
43945
43960
43961
43962
43941
43972
43930
43947
43968
43956
43949
43945
43947
43964
43957
43974
43951
43940
43963
43955
43969
43937
43962
43947
43977
43955
43947
43941
43943
43971
43974
43971
43942
43965
43960
43963
43929
43946
43939
43937
43940
43960
43943
43970
43955
43952
43934
43939
43936
43952
43941
43971
43945
43946
43956
43960
43950
43962
43945
43940
43951
43946
43951
43952
43956
43930
43952
43963
43936
43965
43930
43953
43959
43953
43944
43941
43950
43961
43977
43941
43945
43977
43947
43949
43956
43957
43968
43962
43949
43947
43959
43954
43946
43945
43940
43954
43954
43947
43974
43969
43957
43961
43935
43965
43951
43957
43956
43968
43956
43953
43944
43953
43951
43962
43955
43956
43935
43960
43942
43934
43937
43967
43949
43952
43948
43953
43971
43962
43950
43950
43952
43952
43938
43945
43955
43958
43947
43956
43977
43963
43969
43946
43951
43971
43944
43944
43952
43938
43950
43941
43965
43938
43956
43946
43971
43950
43951
43954
43956
43955
43957
43945
43937
43946
43977
43941
43971
43948
43952
43946
43955
43964
43941
43977
43952
43937
43937
43949
43950
43956
43945
43964
43974
43954
43953
43974
43929
43963
43951
43962
43959
43954
43937
43968
43944
43962
43973
43954
43973
43954
43961
43950
43963
43954
43954
43955
43965
43951
43977
43951
43971
43956
43958
43956
43944
43941
43934
43953
43954
43962
43958
43946
43958
43965
43962
43954
43960
43953
43956
43946
43965
43950
43951
43977
43945
43938
43951
43950
43942
43961
43940
43954
43957
43938
43944
43965
43948
43955
43940
43953
43947
43951
43948
43929
43958
43950
43945
43959
43951
43928
43938
43942
43971
43947
43939
43959
43954
43941
43949
43962
43951
43960
43938
43945
43954
43977
43962
43959
43960
43952
43963
43960
43943
43977
43959
43950
43949
43928
43977
43942
43947
43961
43977
43946
43950
43952
43948
43949
43960
43955
43958
43963
43977
43948
43960
43955
43948
43940
43963
43974
43954
43956
43974
43962
43954
43942
43942
43932
43951
43951
43949
43954
43941
43957
43956
43957
43933
43968
43965
43932
43959
43943
43937
43949
43959
43946
43973
43947
43954
43963
43929
43956
43946
43961
43946
43968
43941
43950
43931
43941
43958
43966
43961
43942
43965
43963
43947
43954
43947
43977
43942
43954
43951
43956
43944
43955
43946
43941
43950
43977
43966
43954
43954
43948
43939
43947
43953
43965
43953
43960
43970
43924
43961
43970
43969
43970
43970
43941
43963
43954
43956
43966
43959
43950
43951
43958
43933
43977
43968
43957
43977
43946
43950
43975
43955
43956
43946
43951
43959
43952
43950
43948
43950
43946
43941
43939
43971
43956
43956
43949
43946
43960
43961
43940
43942
43963
43974
43973
43956
43951
43963
43957
43946
43970
43958
43954
43940
43950
43978
43932
43951
43974
43973
43959
43969
43950
43971
43960
43949
43947
43950
43962
43970
43960
43946
43941
43969
43946
43977
43951
43949
43965
43952
43943
43978
43934
43955
43965
43948
43943
43961
43958
43937
43940
43956
43945
43950
43941
43930
43943
43968
43955
43941
43952
43962
43956
43949
43945
43934
43958
43952
43944
43942
43960
43945
43975
43953
43938
43958
43936
43952
43978
43969
43940
43940
43932
43972
43944
43974
43954
43947
43974
43950
43977
43946
43958
43948
43950
43958
43959
43950
43971
43958
43968
43939
43977
43944
43946
43953
43977
43962
43942
43962
43949
43955
43974
43944
43939
43960
43977
43946
43977
43977
43960
43945
43948
43948
43969
43971
43961
43947
43945
43947
43946
43966
43970
43935
43939
43960
43955
43950
43974
43950
43952
43964
43968
43954
43949
43951
43949
43948
43952
43956
43947
43941
43952
43953
43977
43947
43949
43950
43957
43947
43964
43937
43949
43944
43970
43947
43950
43929
43954
43950
43954
43971
43971
43978
43962
43942
43948
43951
43951
43965
43945
43960
43935
43948
43960
43933
43968
43942
43946
43974
43951
43959
43944
43969
43936
43947
43953
43977
43966
43977
43949
43966
43946
43945
43936
43947
43955
43936
43962
43945
43953
43945
43952
43950
43941
43933
43938
43951
43938
43946
43951
43962
43940
43945
43937
43977
43949
43941
43962
43959
43953
43929
43947
43949
43950
43952
43946
43937
43956
43938
43952
43950
43951
43972
43944
43955
43959
43968
43938
43948
43951
43977
43959
43955
43962
43945
43944
43940
43956
43964
43977
43953
43950
43947
43953
43946
43958
43963
43956
43949
43953
43939
43957
43965
43952
43953
43956
43952
43942
43948
43936
43953
43974
43962
43958
43964
43977
43958
43938
43959
43949
43946
43970
43952
43959
43957
43969
43954
43968
43933
43941
43960
43952
43969
43971
43947
43946
43941
43970
43953
43958
43955
43963
43966
43953
43954
43958
43970
43955
43966
43949
43962
43977
43945
43950
43941
43943
43951
43944
43963
43970
43946
43950
43927
43951
43943
43925
43975
43934
43958
43961
43937
43977
43941
43951
43944
43945
43963
43977
43943
43970
43959
43964
43977
43961
43970
43956
43969
43958
43954
43956
Record: 43953.8
Time 48.275966
