5283
5283
5283
5622
5819
5819
5819
5819
5819
5819
5847
5870
5906
5917
5917
5917
6094
6094
6094
6097
6097
6097
6112
6112
6145
6214
6228
6228
6228
6228
6246
6395
6395
6395
6395
6395
6395
6395
6395
6395
6395
6396
6396
6409
6415
6415
6415
6445
6445
6445
6445
6459
6459
6475
6475
6475
6478
6483
6489
6489
6497
6497
6497
6497
6497
6542
6569
6569
6589
6589
6589
6589
6589
6589
6589
6589
6589
6589
6589
6589
6589
6589
6589
6589
6589
6589
6589
6589
6589
6589
6589
6589
6589
6589
6589
6589
6589
6589
6589
6589
6589
6589
6589
6589
6589
6589
6589
6589
6589
6589
6589
6589
6589
6589
6589
6589
6589
6589
6589
6589
6589
6589
6589
6589
6589
6589
6589
6589
6589
6589
6589
6589
6589
6589
6589
6589
6589
6589
6589
6589
6589
6589
6589
6589
6589
6589
6589
6589
6589
6589
6589
6589
6589
6589
6589
6589
6589
6589
6589
6589
6589
6589
6589
6589
6589
6589
6589
6589
6589
6589
6589
6589
6589
6589
6589
6589
6589
6589
6589
6589
6589
6589
6589
6589
6589
6589
6589
6589
6589
6589
6589
6589
6589
6589
6589
6589
6589
6589
6589
6589
6589
6589
6589
6589
6589
6589
6589
6589
6589
6589
6589
6589
6589
6589
6589
6589
6589
6589
6589
6589
6589
6589
6589
6589
6589
6589
6589
6589
6589
6589
6589
6589
6589
6589
6589
6589
6589
6589
6589
6589
6589
6589
6589
6589
6589
6589
6589
6589
6589
6589
6589
6589
6589
6589
6589
6589
6589
6589
6589
6589
6589
6589
6589
6589
6589
6589
6589
6589
6589
6589
6589
6589
6589
6589
6589
6589
6589
6589
6589
6589
6589
6589
6589
6589
6589
6589
6589
6589
6589
6589
6589
6589
6589
6589
6589
6589
6589
6589
6589
6589
6589
6589
6589
6589
6589
6589
6589
6589
6589
6589
6589
6589
6589
6589
6589
6589
6589
6589
6589
6589
6589
6589
6589
6589
6589
6589
6589
6589
6589
6589
6589
6589
6589
6589
6589
6589
6589
6589
6589
6589
6589
6589
6589
6589
6589
6589
6589
6589
6589
6589
6589
6589
6589
6589
6589
6589
6589
6589
6589
6589
6589
6589
6589
6589
6589
6589
6589
6589
6589
6589
6589
6589
6589
6589
6589
6589
6589
6589
6589
6589
6589
6589
6589
6589
6589
6589
6589
6589
6589
6589
6589
6589
6589
6589
6589
6589
6589
6589
6589
6589
6589
6589
Record: 6589
Time 0.829740
