3135
3135
3135
3135
3135
3135
3135
3135
3135
3135
3135
3135
3135
3135
3135
3135
3135
3135
3135
3135
3135
3135
3135
3135
3135
3135
3135
3135
3135
3135
3135
3135
3135
3135
3135
3135
3135
3135
3135
3135
3135
3135
3135
3135
3135
3135
3135
3135
3135
3135
3135
3135
3135
3135
3135
3135
3135
3135
3135
3135
3135
3135
3135
3135
3135
3135
3135
3135
3135
3135
3135
3135
3135
3135
3135
3135
3135
3135
3135
3135
3135
3135
3135
3135
3135
3135
3135
3135
3135
3135
3135
3135
3135
3135
3135
3135
3135
3135
3135
3135
Record: 3135
Time 6.004376
