K 30
MAX SUBP -4209984824665964544
LB 4773
UB 49981
solution value: 4790 | Subp 38 | Time 0.00s
solution value: 4793 | Subp 45 | Time 0.00s
solution value: 4799 | Subp 221 | Time 0.00s
solution value: 4800 | Subp 405 | Time 0.00s
solution value: 4806 | Subp 407 | Time 0.00s
solution value: 4808 | Subp 736 | Time 0.00s
solution value: 4823 | Subp 746 | Time 0.00s
solution value: 4828 | Subp 753 | Time 0.00s
solution value: 4830 | Subp 1151 | Time 0.00s
solution value: 4839 | Subp 1161 | Time 0.00s
solution value: 4844 | Subp 1340 | Time 0.00s
solution value: 4856 | Subp 1350 | Time 0.00s
solution value: 4870 | Subp 1820 | Time 0.00s
solution value: 4877 | Subp 1830 | Time 0.00s
solution value: 4884 | Subp 24714 | Time 0.02s
solution value: 4898 | Subp 25316 | Time 0.02s
solution value: 4903 | Subp 25326 | Time 0.02s
solution value: 4918 | Subp 139542 | Time 0.12s
solution value: 4919 | Subp 162450 | Time 0.14s
solution value: 4924 | Subp 162690 | Time 0.14s
solution value: 4936 | Subp 163080 | Time 0.14s
solution value: 4938 | Subp 299109 | Time 0.25s
solution value: 4940 | Subp 435745 | Time 0.36s
solution value: 4953 | Subp 436099 | Time 0.36s
solution value: 4958 | Subp 436109 | Time 0.36s
solution value: 4971 | Subp 450118 | Time 0.37s
solution value: 4972 | Subp 47409967 | Time 41.56s
solution value: 4973 | Subp 47410237 | Time 41.57s
solution value: 4983 | Subp 139853667 | Time 122.74s
solution value: 4984 | Subp 139853985 | Time 122.74s
Record: 4984
Subp: 3997006847
Time 3600.00
1 11 12 19 22 29 31 33 35 37 40 47 50 61 62 69 80 85 87 93 96 108 113 119 129 142 152 153 160 164 
