K 10
MAX SUBP 48384000
LB 478
UB 6674
solution value: 512 | Subp 12 | Time 0.00s
solution value: 517 | Subp 22 | Time 0.00s
solution value: 518 | Subp 41 | Time 0.00s
solution value: 519 | Subp 70 | Time 0.00s
solution value: 522 | Subp 84 | Time 0.00s
solution value: 531 | Subp 98 | Time 0.00s
solution value: 533 | Subp 212 | Time 0.00s
solution value: 538 | Subp 214 | Time 0.00s
solution value: 542 | Subp 261 | Time 0.00s
solution value: 544 | Subp 271 | Time 0.00s
solution value: 545 | Subp 281 | Time 0.00s
solution value: 550 | Subp 299 | Time 0.00s
solution value: 553 | Subp 589 | Time 0.00s
solution value: 555 | Subp 1428 | Time 0.00s
solution value: 561 | Subp 1429 | Time 0.00s
solution value: 563 | Subp 3793 | Time 0.00s
solution value: 568 | Subp 12780 | Time 0.02s
solution value: 570 | Subp 12933 | Time 0.02s
solution value: 573 | Subp 12934 | Time 0.02s
solution value: 585 | Subp 12943 | Time 0.02s
solution value: 597 | Subp 44918 | Time 0.04s
solution value: 601 | Subp 111688 | Time 0.07s
solution value: 605 | Subp 115019 | Time 0.07s
solution value: 615 | Subp 206091 | Time 0.12s
solution value: 623 | Subp 206245 | Time 0.12s
solution value: 626 | Subp 206255 | Time 0.12s
Record: 626
Subp: 3078971
Time 1.70
0 6 16 20 36 40 47 49 56 63 
