K 10
MAX SUBP 10000000000
LB 592
UB 10261
solution value: 593 | Subp 234 | Time 0.00s
solution value: 603 | Subp 250 | Time 0.00s
solution value: 604 | Subp 1631 | Time 0.00s
solution value: 605 | Subp 22381 | Time 0.02s
solution value: 612 | Subp 22499 | Time 0.02s
solution value: 618 | Subp 22502 | Time 0.02s
solution value: 619 | Subp 22511 | Time 0.02s
solution value: 632 | Subp 22512 | Time 0.02s
solution value: 638 | Subp 178021 | Time 0.10s
solution value: 639 | Subp 338978 | Time 0.18s
solution value: 641 | Subp 361273 | Time 0.19s
solution value: 643 | Subp 405727 | Time 0.21s
solution value: 648 | Subp 572352 | Time 0.30s
solution value: 654 | Subp 572448 | Time 0.30s
solution value: 663 | Subp 572461 | Time 0.30s
solution value: 668 | Subp 1856793 | Time 0.93s
solution value: 670 | Subp 11460554 | Time 5.71s
solution value: 675 | Subp 23979221 | Time 11.97s
solution value: 677 | Subp 79148363 | Time 39.57s
solution value: 689 | Subp 144600993 | Time 72.25s
solution value: 694 | Subp 144712145 | Time 72.30s
solution value: 695 | Subp 155594295 | Time 77.71s
Record: 695
Subp: 1050514401
Time 525.06
0 18 25 33 46 59 60 70 83 95 
