K 5
MAX SUBP 516375
LB 119
UB 3953
solution value: 122 | Subp 10 | Time 0.00s
solution value: 130 | Subp 12 | Time 0.00s
solution value: 143 | Subp 13 | Time 0.00s
solution value: 144 | Subp 53 | Time 0.00s
solution value: 147 | Subp 82 | Time 0.00s
solution value: 154 | Subp 86 | Time 0.00s
solution value: 160 | Subp 88 | Time 0.00s
solution value: 161 | Subp 261 | Time 0.00s
solution value: 162 | Subp 559 | Time 0.00s
solution value: 163 | Subp 613 | Time 0.00s
solution value: 164 | Subp 748 | Time 0.00s
solution value: 169 | Subp 1280 | Time 0.00s
solution value: 171 | Subp 1445 | Time 0.00s
solution value: 179 | Subp 4638 | Time 0.01s
Record: 179
Subp: 23471
Time 0.03
14 25 34 55 68 
