K 10
MAX SUBP 196499520000
LB 573
UB 16987
solution value: 586 | Subp 13 | Time 0.00s
solution value: 593 | Subp 34 | Time 0.00s
solution value: 596 | Subp 36 | Time 0.00s
solution value: 605 | Subp 39 | Time 0.00s
solution value: 606 | Subp 162 | Time 0.00s
solution value: 619 | Subp 265 | Time 0.00s
solution value: 620 | Subp 272 | Time 0.00s
solution value: 630 | Subp 412 | Time 0.00s
solution value: 635 | Subp 633 | Time 0.00s
solution value: 640 | Subp 635 | Time 0.00s
solution value: 641 | Subp 14138 | Time 0.01s
solution value: 643 | Subp 14241 | Time 0.01s
solution value: 656 | Subp 28084 | Time 0.01s
solution value: 662 | Subp 62387 | Time 0.03s
solution value: 670 | Subp 371092 | Time 0.15s
solution value: 674 | Subp 1747419 | Time 0.68s
solution value: 689 | Subp 1906203 | Time 0.75s
solution value: 692 | Subp 1954226 | Time 0.77s
solution value: 695 | Subp 2043409 | Time 0.80s
solution value: 699 | Subp 9154868 | Time 3.57s
solution value: 701 | Subp 19359190 | Time 7.55s
solution value: 707 | Subp 105717485 | Time 41.36s
solution value: 708 | Subp 5365123781 | Time 2100.82s
solution value: 709 | Subp 5365135338 | Time 2100.82s
solution value: 710 | Subp 5365174295 | Time 2100.84s
solution value: 714 | Subp 5365178668 | Time 2100.84s
solution value: 723 | Subp 5365178673 | Time 2100.84s
Record: 723
Subp: 9203201323
Time 3600.00
3 27 44 52 75 102 117 129 157 162 
