K 10
MAX SUBP 10000000000
LB 546
UB 10386
solution value: 559 | Subp 12 | Time 0.00s
solution value: 560 | Subp 14 | Time 0.00s
solution value: 591 | Subp 16 | Time 0.00s
solution value: 602 | Subp 31 | Time 0.00s
solution value: 605 | Subp 33 | Time 0.00s
solution value: 609 | Subp 52 | Time 0.00s
solution value: 610 | Subp 84 | Time 0.00s
solution value: 619 | Subp 838 | Time 0.00s
solution value: 621 | Subp 1293 | Time 0.00s
solution value: 623 | Subp 1636 | Time 0.00s
solution value: 632 | Subp 1974 | Time 0.00s
solution value: 633 | Subp 1976 | Time 0.00s
solution value: 649 | Subp 1979 | Time 0.00s
solution value: 657 | Subp 3100 | Time 0.00s
solution value: 661 | Subp 9776 | Time 0.01s
solution value: 662 | Subp 1113823 | Time 0.57s
solution value: 665 | Subp 1113835 | Time 0.57s
solution value: 666 | Subp 1113845 | Time 0.57s
solution value: 673 | Subp 1113848 | Time 0.57s
solution value: 675 | Subp 1117191 | Time 0.58s
solution value: 678 | Subp 1117193 | Time 0.58s
solution value: 681 | Subp 1121706 | Time 0.58s
solution value: 686 | Subp 10957924 | Time 5.54s
solution value: 689 | Subp 10958711 | Time 5.54s
solution value: 692 | Subp 12063448 | Time 6.10s
solution value: 693 | Subp 32475459 | Time 16.41s
solution value: 698 | Subp 212123757 | Time 107.37s
Record: 698
Subp: 1001499991
Time 508.48
8 16 28 32 40 58 63 78 85 91 
