K 20
MAX SUBP 5474894590040342528
LB 2258
UB 207417
solution value: 2279 | Subp 29 | Time 0.01s
solution value: 2289 | Subp 45 | Time 0.01s
solution value: 2296 | Subp 88 | Time 0.01s
solution value: 2298 | Subp 97 | Time 0.01s
solution value: 2315 | Subp 147 | Time 0.01s
solution value: 2329 | Subp 154 | Time 0.01s
solution value: 2333 | Subp 163 | Time 0.01s
solution value: 2345 | Subp 274 | Time 0.01s
solution value: 2347 | Subp 464 | Time 0.01s
solution value: 2353 | Subp 508 | Time 0.01s
solution value: 2361 | Subp 517 | Time 0.01s
solution value: 2380 | Subp 527 | Time 0.01s
solution value: 2394 | Subp 8230 | Time 0.04s
solution value: 2402 | Subp 28688 | Time 0.10s
solution value: 2408 | Subp 643392 | Time 1.79s
solution value: 2409 | Subp 771135 | Time 2.14s
solution value: 2420 | Subp 773736 | Time 2.15s
solution value: 2421 | Subp 794023 | Time 2.20s
solution value: 2424 | Subp 794226 | Time 2.20s
solution value: 2429 | Subp 794244 | Time 2.20s
solution value: 2430 | Subp 855518 | Time 2.37s
solution value: 2431 | Subp 7141130 | Time 19.68s
solution value: 2432 | Subp 7269089 | Time 20.03s
solution value: 2433 | Subp 8544648 | Time 23.53s
solution value: 2437 | Subp 26153994 | Time 72.06s
solution value: 2439 | Subp 26154073 | Time 72.06s
solution value: 2449 | Subp 26154095 | Time 72.06s
solution value: 2450 | Subp 32659405 | Time 89.95s
solution value: 2452 | Subp 32661973 | Time 89.96s
solution value: 2454 | Subp 32662032 | Time 89.96s
solution value: 2462 | Subp 32682481 | Time 90.01s
solution value: 2463 | Subp 32682744 | Time 90.01s
solution value: 2467 | Subp 172838069 | Time 471.70s
Record: 2467
Subp: 1323434945
Time 3600.00
12 87 130 163 202 273 312 378 421 476 528 588 601 699 744 765 820 899 904 979 
