K 20
MAX SUBP 672126336000000
LB 2163
UB 23281
solution value: 2194 | Subp 22 | Time 0.00s
solution value: 2222 | Subp 53 | Time 0.00s
solution value: 2244 | Subp 3684 | Time 0.00s
solution value: 2247 | Subp 3693 | Time 0.00s
solution value: 2266 | Subp 3722 | Time 0.00s
solution value: 2267 | Subp 44594 | Time 0.03s
solution value: 2283 | Subp 48115 | Time 0.03s
solution value: 2285 | Subp 48120 | Time 0.03s
solution value: 2293 | Subp 48124 | Time 0.03s
solution value: 2295 | Subp 48129 | Time 0.03s
solution value: 2297 | Subp 48275 | Time 0.03s
solution value: 2307 | Subp 48284 | Time 0.03s
solution value: 2308 | Subp 3387857 | Time 2.25s
solution value: 2311 | Subp 32189846 | Time 22.11s
solution value: 2312 | Subp 32189929 | Time 22.11s
solution value: 2317 | Subp 32189931 | Time 22.11s
solution value: 2319 | Subp 204762230 | Time 144.20s
solution value: 2326 | Subp 204762232 | Time 144.20s
solution value: 2328 | Subp 313833264 | Time 222.11s
solution value: 2334 | Subp 313833267 | Time 222.11s
solution value: 2342 | Subp 806401180 | Time 576.79s
solution value: 2346 | Subp 806401331 | Time 576.79s
solution value: 2352 | Subp 806401413 | Time 576.79s
solution value: 2355 | Subp 1906371966 | Time 1382.72s
solution value: 2361 | Subp 1906372119 | Time 1382.72s
solution value: 2364 | Subp 2066559780 | Time 1499.00s
solution value: 2372 | Subp 2172238641 | Time 1575.61s
Record: 2372
Subp: 4952609927
Time 3600.00
4 9 11 17 26 33 37 46 51 58 60 65 69 72 81 86 91 95 105 110 
