K 30
MAX SUBP 5076944270305263616
LB 4893
UB 95335
solution value: 4914 | Subp 33 | Time 0.00s
solution value: 4921 | Subp 35 | Time 0.00s
solution value: 4964 | Subp 43 | Time 0.00s
solution value: 4999 | Subp 45 | Time 0.00s
solution value: 5006 | Subp 66 | Time 0.00s
solution value: 5031 | Subp 87 | Time 0.00s
solution value: 5047 | Subp 108 | Time 0.00s
solution value: 5067 | Subp 151 | Time 0.00s
solution value: 5109 | Subp 1206 | Time 0.00s
solution value: 5110 | Subp 1227 | Time 0.00s
solution value: 5152 | Subp 1248 | Time 0.00s
solution value: 5169 | Subp 1302 | Time 0.00s
solution value: 5172 | Subp 2204 | Time 0.00s
solution value: 5174 | Subp 11380 | Time 0.01s
solution value: 5179 | Subp 24502 | Time 0.03s
solution value: 5181 | Subp 24549 | Time 0.03s
solution value: 5183 | Subp 25410 | Time 0.03s
solution value: 5193 | Subp 25457 | Time 0.03s
solution value: 5197 | Subp 25462 | Time 0.03s
solution value: 5199 | Subp 618344 | Time 0.70s
solution value: 5202 | Subp 839617 | Time 0.95s
solution value: 5206 | Subp 839622 | Time 0.95s
solution value: 5216 | Subp 840520 | Time 0.95s
solution value: 5222 | Subp 841601 | Time 0.95s
solution value: 5229 | Subp 3051352 | Time 3.62s
solution value: 5232 | Subp 4504502 | Time 5.43s
solution value: 5247 | Subp 4504516 | Time 5.43s
solution value: 5249 | Subp 4527819 | Time 5.45s
solution value: 5255 | Subp 5379003 | Time 6.40s
solution value: 5257 | Subp 363681256 | Time 519.61s
solution value: 5266 | Subp 367140664 | Time 524.11s
solution value: 5268 | Subp 492207034 | Time 701.43s
solution value: 5287 | Subp 492207048 | Time 701.43s
solution value: 5291 | Subp 495962510 | Time 706.15s
Record: 5291
Subp: 2464172752
Time 3600.00
9 16 20 36 44 50 62 72 89 91 108 116 127 138 141 150 169 171 185 195 209 219 227 230 247 258 269 275 284 291 
