K 10
MAX SUBP 69442043904000
LB 542
UB 27265
solution value: 569 | Subp 11 | Time 0.00s
solution value: 572 | Subp 13 | Time 0.00s
solution value: 583 | Subp 16 | Time 0.00s
solution value: 585 | Subp 72 | Time 0.00s
solution value: 591 | Subp 94 | Time 0.00s
solution value: 593 | Subp 142 | Time 0.00s
solution value: 605 | Subp 175 | Time 0.00s
solution value: 611 | Subp 180 | Time 0.00s
solution value: 618 | Subp 186 | Time 0.00s
solution value: 623 | Subp 266 | Time 0.00s
solution value: 633 | Subp 331 | Time 0.00s
solution value: 635 | Subp 363 | Time 0.00s
solution value: 640 | Subp 389 | Time 0.00s
solution value: 643 | Subp 394 | Time 0.00s
solution value: 659 | Subp 400 | Time 0.00s
solution value: 662 | Subp 3517 | Time 0.00s
solution value: 667 | Subp 3563 | Time 0.01s
solution value: 668 | Subp 3570 | Time 0.01s
solution value: 669 | Subp 5285 | Time 0.01s
solution value: 673 | Subp 9817 | Time 0.01s
solution value: 679 | Subp 10981 | Time 0.02s
solution value: 681 | Subp 11014 | Time 0.02s
solution value: 684 | Subp 15546 | Time 0.02s
solution value: 691 | Subp 15863 | Time 0.02s
solution value: 692 | Subp 16461 | Time 0.02s
solution value: 696 | Subp 20153 | Time 0.03s
solution value: 698 | Subp 20186 | Time 0.03s
solution value: 699 | Subp 66444 | Time 0.09s
solution value: 713 | Subp 66450 | Time 0.09s
Record: 713
Subp: 2503954518
Time 3600.00
10 26 72 90 114 143 164 198 200 236 
